2022-07-31_19-41-10 [http-nio-8000-exec-5] INFO  c.a.service.JwtUserDetailsService - User found
2022-07-31_19-41-10 [http-nio-8000-exec-5] INFO  c.a.service.JwtUserDetailsService - user successfully located
2022-07-31_19-41-10 [http-nio-8000-exec-5] INFO  c.a.c.JwtAuthenticationController - Authentication Successful Cool...
2022-07-31_19-41-10 [http-nio-8000-exec-5] INFO  c.a.c.JwtAuthenticationController - null======Credentials=======
2022-07-31_19-41-10 [http-nio-8000-exec-5] INFO  c.a.c.JwtAuthenticationController - sundar
2022-07-31_19-41-10 [http-nio-8000-exec-5] INFO  c.a.service.JwtUserDetailsService - User found
2022-07-31_19-41-10 [http-nio-8000-exec-5] INFO  c.a.service.JwtUserDetailsService - user successfully located
2022-07-31_19-41-10 [http-nio-8000-exec-5] INFO  c.a.c.JwtAuthenticationController - sundar
2022-07-31_19-41-10 [http-nio-8000-exec-3] INFO  c.a.c.JwtAuthenticationController - Bearer eyJhbGciOiJIUzUxMiJ9.eyJzdWIiOiJSYW1lc2giLCJleHAiOjE2NTgwMzkwMDEsImlhdCI6MTY1ODAzNzIwMX0.QfS3mZ77vHE8Sl9CX7v2BeYwORRCQgc-rHJeQTwprbq__nQ8mP7R0BEsGW3uzI5s3PqUyRADuR8ovZgFNtaA8w
2022-07-31_19-41-10 [http-nio-8000-exec-3] INFO  c.a.c.JwtAuthenticationController - JWT token -->eyJhbGciOiJIUzUxMiJ9.eyJzdWIiOiJSYW1lc2giLCJleHAiOjE2NTgwMzkwMDEsImlhdCI6MTY1ODAzNzIwMX0.QfS3mZ77vHE8Sl9CX7v2BeYwORRCQgc-rHJeQTwprbq__nQ8mP7R0BEsGW3uzI5s3PqUyRADuR8ovZgFNtaA8w
2022-07-31_19-41-10 [http-nio-8000-exec-1] INFO  c.a.service.JwtUserDetailsService - User found
2022-07-31_19-41-10 [http-nio-8000-exec-1] INFO  c.a.service.JwtUserDetailsService - user successfully located
2022-07-31_19-41-10 [http-nio-8000-exec-1] INFO  c.a.c.JwtAuthenticationController - Authentication Successful Cool...
2022-07-31_19-41-10 [http-nio-8000-exec-1] INFO  c.a.c.JwtAuthenticationController - null======Credentials=======
2022-07-31_19-41-10 [http-nio-8000-exec-1] INFO  c.a.c.JwtAuthenticationController - sundar
2022-07-31_19-41-10 [http-nio-8000-exec-1] INFO  c.a.service.JwtUserDetailsService - User found
2022-07-31_19-41-10 [http-nio-8000-exec-1] INFO  c.a.service.JwtUserDetailsService - user successfully located
2022-07-31_19-41-10 [http-nio-8000-exec-1] INFO  c.a.c.JwtAuthenticationController - sundar
2022-07-31_19-41-10 [http-nio-8000-exec-7] INFO  c.a.c.JwtAuthenticationController - Bearer eyJhbGciOiJIUzUxMiJ9.eyJzdWIiOiJSYW1lc2giLCJleHAiOjE2NTgwMzkwMDEsImlhdCI6MTY1ODAzNzIwMX0.QfS3mZ77vHE8Sl9CX7v2BeYwORRCQgc-rHJeQTwprbq__nQ8mP7R0BEsGW3uzI5s3PqUyRADuR8ovZgFNtaA8w
2022-07-31_19-41-10 [http-nio-8000-exec-7] INFO  c.a.c.JwtAuthenticationController - JWT token -->eyJhbGciOiJIUzUxMiJ9.eyJzdWIiOiJSYW1lc2giLCJleHAiOjE2NTgwMzkwMDEsImlhdCI6MTY1ODAzNzIwMX0.QfS3mZ77vHE8Sl9CX7v2BeYwORRCQgc-rHJeQTwprbq__nQ8mP7R0BEsGW3uzI5s3PqUyRADuR8ovZgFNtaA8w
2022-07-31_19-41-10 [http-nio-8000-exec-2] INFO  c.a.service.JwtUserDetailsService - User found
2022-07-31_19-41-10 [http-nio-8000-exec-2] INFO  c.a.service.JwtUserDetailsService - user successfully located
2022-07-31_19-41-10 [http-nio-8000-exec-2] INFO  c.a.c.JwtAuthenticationController - Authentication Successful Cool...
2022-07-31_19-41-10 [http-nio-8000-exec-2] INFO  c.a.c.JwtAuthenticationController - null======Credentials=======
2022-07-31_19-41-10 [http-nio-8000-exec-2] INFO  c.a.c.JwtAuthenticationController - sundar
2022-07-31_19-41-10 [http-nio-8000-exec-2] INFO  c.a.service.JwtUserDetailsService - User found
2022-07-31_19-41-10 [http-nio-8000-exec-2] INFO  c.a.service.JwtUserDetailsService - user successfully located
2022-07-31_19-41-10 [http-nio-8000-exec-2] INFO  c.a.c.JwtAuthenticationController - sundar
2022-07-31_19-41-10 [http-nio-8000-exec-10] INFO  c.a.service.JwtUserDetailsService - User found
2022-07-31_19-41-10 [http-nio-8000-exec-10] INFO  c.a.service.JwtUserDetailsService - user successfully located
2022-07-31_19-41-10 [http-nio-8000-exec-10] INFO  c.a.c.JwtAuthenticationController - Bearer eyJhbGciOiJIUzUxMiJ9.eyJzdWIiOiJzdW5kYXIiLCJleHAiOjE2NTkzMzgzMjAsImlhdCI6MTY1OTMzNjUyMH0.lSj3USVFJX8yq8wXM2mR5zrj0bcaviv5aeIF-cxrxqwbCqG-29FzQhTXcvTYRy-pwrbfQlLTdbaAEe2Z1RZqBw
2022-07-31_19-41-10 [http-nio-8000-exec-10] INFO  c.a.c.JwtAuthenticationController - JWT token -->eyJhbGciOiJIUzUxMiJ9.eyJzdWIiOiJzdW5kYXIiLCJleHAiOjE2NTkzMzgzMjAsImlhdCI6MTY1OTMzNjUyMH0.lSj3USVFJX8yq8wXM2mR5zrj0bcaviv5aeIF-cxrxqwbCqG-29FzQhTXcvTYRy-pwrbfQlLTdbaAEe2Z1RZqBw
2022-07-31_19-41-10 [http-nio-8000-exec-3] INFO  c.a.service.JwtUserDetailsService - User found
2022-07-31_19-41-10 [http-nio-8000-exec-3] INFO  c.a.service.JwtUserDetailsService - user successfully located
2022-07-31_19-41-10 [http-nio-8000-exec-3] INFO  c.a.c.JwtAuthenticationController - Bearer eyJhbGciOiJIUzUxMiJ9.eyJzdWIiOiJzdW5kYXIiLCJleHAiOjE2NTkzMzgzMjAsImlhdCI6MTY1OTMzNjUyMH0.lSj3USVFJX8yq8wXM2mR5zrj0bcaviv5aeIF-cxrxqwbCqG-29FzQhTXcvTYRy-pwrbfQlLTdbaAEe2Z1RZqBw
2022-07-31_19-41-10 [http-nio-8000-exec-3] INFO  c.a.c.JwtAuthenticationController - JWT token -->eyJhbGciOiJIUzUxMiJ9.eyJzdWIiOiJzdW5kYXIiLCJleHAiOjE2NTkzMzgzMjAsImlhdCI6MTY1OTMzNjUyMH0.lSj3USVFJX8yq8wXM2mR5zrj0bcaviv5aeIF-cxrxqwbCqG-29FzQhTXcvTYRy-pwrbfQlLTdbaAEe2Z1RZqBw
2022-07-31_19-41-10 [http-nio-8000-exec-6] INFO  c.a.service.JwtUserDetailsService - User found
2022-07-31_19-41-10 [http-nio-8000-exec-6] INFO  c.a.service.JwtUserDetailsService - user successfully located
2022-07-31_19-41-10 [http-nio-8000-exec-6] INFO  c.a.c.JwtAuthenticationController - Bearer eyJhbGciOiJIUzUxMiJ9.eyJzdWIiOiJzdW5kYXIiLCJleHAiOjE2NTkzMzgzMjAsImlhdCI6MTY1OTMzNjUyMH0.lSj3USVFJX8yq8wXM2mR5zrj0bcaviv5aeIF-cxrxqwbCqG-29FzQhTXcvTYRy-pwrbfQlLTdbaAEe2Z1RZqBw
2022-07-31_19-41-10 [http-nio-8000-exec-6] INFO  c.a.c.JwtAuthenticationController - JWT token -->eyJhbGciOiJIUzUxMiJ9.eyJzdWIiOiJzdW5kYXIiLCJleHAiOjE2NTkzMzgzMjAsImlhdCI6MTY1OTMzNjUyMH0.lSj3USVFJX8yq8wXM2mR5zrj0bcaviv5aeIF-cxrxqwbCqG-29FzQhTXcvTYRy-pwrbfQlLTdbaAEe2Z1RZqBw
2022-07-31_19-41-10 [http-nio-8000-exec-9] INFO  c.a.service.JwtUserDetailsService - User found
2022-07-31_19-41-10 [http-nio-8000-exec-9] INFO  c.a.service.JwtUserDetailsService - user successfully located
2022-07-31_19-41-10 [http-nio-8000-exec-9] INFO  c.a.c.JwtAuthenticationController - Bearer eyJhbGciOiJIUzUxMiJ9.eyJzdWIiOiJzdW5kYXIiLCJleHAiOjE2NTkzMzgzMjAsImlhdCI6MTY1OTMzNjUyMH0.lSj3USVFJX8yq8wXM2mR5zrj0bcaviv5aeIF-cxrxqwbCqG-29FzQhTXcvTYRy-pwrbfQlLTdbaAEe2Z1RZqBw
2022-07-31_19-41-10 [http-nio-8000-exec-9] INFO  c.a.c.JwtAuthenticationController - JWT token -->eyJhbGciOiJIUzUxMiJ9.eyJzdWIiOiJzdW5kYXIiLCJleHAiOjE2NTkzMzgzMjAsImlhdCI6MTY1OTMzNjUyMH0.lSj3USVFJX8yq8wXM2mR5zrj0bcaviv5aeIF-cxrxqwbCqG-29FzQhTXcvTYRy-pwrbfQlLTdbaAEe2Z1RZqBw
2022-07-31_19-41-10 [http-nio-8000-exec-1] INFO  c.a.service.JwtUserDetailsService - User found
2022-07-31_19-41-10 [http-nio-8000-exec-1] INFO  c.a.service.JwtUserDetailsService - user successfully located
2022-07-31_19-41-10 [http-nio-8000-exec-1] INFO  c.a.c.JwtAuthenticationController - Bearer eyJhbGciOiJIUzUxMiJ9.eyJzdWIiOiJzdW5kYXIiLCJleHAiOjE2NTkzMzgzMjAsImlhdCI6MTY1OTMzNjUyMH0.lSj3USVFJX8yq8wXM2mR5zrj0bcaviv5aeIF-cxrxqwbCqG-29FzQhTXcvTYRy-pwrbfQlLTdbaAEe2Z1RZqBw
2022-07-31_19-41-10 [http-nio-8000-exec-1] INFO  c.a.c.JwtAuthenticationController - JWT token -->eyJhbGciOiJIUzUxMiJ9.eyJzdWIiOiJzdW5kYXIiLCJleHAiOjE2NTkzMzgzMjAsImlhdCI6MTY1OTMzNjUyMH0.lSj3USVFJX8yq8wXM2mR5zrj0bcaviv5aeIF-cxrxqwbCqG-29FzQhTXcvTYRy-pwrbfQlLTdbaAEe2Z1RZqBw
2022-08-01_13-13-46 [restartedMain] INFO  c.a.AuthorizationMicroserviceApplication - Starting AuthorizationMicroserviceApplication using Java 14.0.2 on LTIN299282 with PID 20128 (C:\Users\899241\Downloads\CloudProject-main\CloudProject-main\CloudProject-main\Authorization-Microservice\target\classes started by 899241 in C:\Users\899241\Downloads\CloudProject-main\CloudProject-main\CloudProject-main\Authorization-Microservice)
2022-08-01_13-13-46 [restartedMain] INFO  c.a.AuthorizationMicroserviceApplication - No active profile set, falling back to default profiles: default
2022-08-01_13-13-46 [restartedMain] INFO  o.s.b.d.e.DevToolsPropertyDefaultsPostProcessor - Devtools property defaults active! Set 'spring.devtools.add-properties' to 'false' to disable
2022-08-01_13-13-46 [restartedMain] INFO  o.s.b.d.e.DevToolsPropertyDefaultsPostProcessor - For additional web related logging consider setting the 'logging.level.web' property to 'DEBUG'
2022-08-01_13-13-46 [restartedMain] INFO  o.s.d.r.c.RepositoryConfigurationDelegate - Bootstrapping Spring Data JPA repositories in DEFAULT mode.
2022-08-01_13-13-46 [restartedMain] INFO  o.s.d.r.c.RepositoryConfigurationDelegate - Finished Spring Data repository scanning in 180 ms. Found 1 JPA repository interfaces.
2022-08-01_13-13-46 [restartedMain] INFO  o.s.cloud.context.scope.GenericScope - BeanFactory id=9cfaff61-749d-3a21-a9ed-bc8d51a71c97
2022-08-01_13-13-46 [restartedMain] INFO  o.s.b.w.e.tomcat.TomcatWebServer - Tomcat initialized with port(s): 8000 (http)
2022-08-01_13-13-46 [restartedMain] INFO  o.a.coyote.http11.Http11NioProtocol - Initializing ProtocolHandler ["http-nio-8000"]
2022-08-01_13-13-46 [restartedMain] INFO  o.a.catalina.core.StandardService - Starting service [Tomcat]
2022-08-01_13-13-46 [restartedMain] INFO  o.a.catalina.core.StandardEngine - Starting Servlet engine: [Apache Tomcat/9.0.41]
2022-08-01_13-13-46 [restartedMain] INFO  o.a.c.c.C.[.[localhost].[/auth] - Initializing Spring embedded WebApplicationContext
2022-08-01_13-13-46 [restartedMain] INFO  o.s.b.w.s.c.ServletWebServerApplicationContext - Root WebApplicationContext: initialization completed in 4401 ms
2022-08-01_13-13-46 [restartedMain] INFO  com.zaxxer.hikari.HikariDataSource - HikariPool-1 - Starting...
2022-08-01_13-13-46 [restartedMain] INFO  com.zaxxer.hikari.HikariDataSource - HikariPool-1 - Start completed.
2022-08-01_13-13-46 [restartedMain] INFO  o.s.b.a.h.H2ConsoleAutoConfiguration - H2 console available at '/h2-console'. Database available at 'jdbc:h2:mem:testdb'
2022-08-01_13-13-46 [restartedMain] INFO  o.h.jpa.internal.util.LogHelper - HHH000204: Processing PersistenceUnitInfo [name: default]
2022-08-01_13-13-46 [restartedMain] INFO  org.hibernate.Version - HHH000412: Hibernate ORM core version 5.4.27.Final
2022-08-01_13-13-46 [restartedMain] INFO  o.h.annotations.common.Version - HCANN000001: Hibernate Commons Annotations {5.1.2.Final}
2022-08-01_13-13-46 [restartedMain] INFO  org.hibernate.dialect.Dialect - HHH000400: Using dialect: org.hibernate.dialect.H2Dialect
2022-08-01_13-13-46 [restartedMain] INFO  o.h.e.t.j.p.i.JtaPlatformInitiator - HHH000490: Using JtaPlatform implementation: [org.hibernate.engine.transaction.jta.platform.internal.NoJtaPlatform]
2022-08-01_13-13-46 [restartedMain] INFO  o.s.o.j.LocalContainerEntityManagerFactoryBean - Initialized JPA EntityManagerFactory for persistence unit 'default'
2022-08-01_13-13-46 [restartedMain] INFO  o.s.b.d.a.OptionalLiveReloadServer - LiveReload server is running on port 35729
2022-08-01_13-13-46 [restartedMain] INFO  o.s.b.a.e.web.EndpointLinksResolver - Exposing 2 endpoint(s) beneath base path '/actuator'
2022-08-01_13-13-46 [restartedMain] INFO  s.d.s.w.PropertySourcedRequestMappingHandlerMapping - Mapped URL path [/v2/api-docs] onto method [springfox.documentation.swagger2.web.Swagger2Controller#getDocumentation(String, HttpServletRequest)]
2022-08-01_13-13-46 [restartedMain] INFO  o.s.s.web.DefaultSecurityFilterChain - Will secure any request with [org.springframework.security.web.context.request.async.WebAsyncManagerIntegrationFilter@297ac475, org.springframework.security.web.context.SecurityContextPersistenceFilter@75052dd0, org.springframework.security.web.header.HeaderWriterFilter@53868289, org.springframework.security.web.authentication.logout.LogoutFilter@383b4d85, com.authorization.config.JwtRequestFilter@180b144, org.springframework.security.web.savedrequest.RequestCacheAwareFilter@6f075bc6, org.springframework.security.web.servletapi.SecurityContextHolderAwareRequestFilter@24a7b18b, org.springframework.security.web.authentication.AnonymousAuthenticationFilter@39b64d58, org.springframework.security.web.session.SessionManagementFilter@607258b1, org.springframework.security.web.access.ExceptionTranslationFilter@1d53033d, org.springframework.security.web.access.intercept.FilterSecurityInterceptor@2a3846c6]
2022-08-01_13-13-46 [restartedMain] INFO  o.s.s.c.ThreadPoolTaskExecutor - Initializing ExecutorService 'applicationTaskExecutor'
2022-08-01_13-13-46 [restartedMain] INFO  o.a.coyote.http11.Http11NioProtocol - Starting ProtocolHandler ["http-nio-8000"]
2022-08-01_13-13-46 [restartedMain] INFO  o.s.b.w.e.tomcat.TomcatWebServer - Tomcat started on port(s): 8000 (http) with context path '/auth'
2022-08-01_13-13-46 [restartedMain] INFO  s.d.s.w.p.DocumentationPluginsBootstrapper - Context refreshed
2022-08-01_13-13-46 [restartedMain] INFO  s.d.s.w.p.DocumentationPluginsBootstrapper - Found 1 custom documentation plugin(s)
2022-08-01_13-13-46 [restartedMain] INFO  s.d.s.w.s.ApiListingReferenceScanner - Scanning for api listing references
2022-08-01_13-13-46 [restartedMain] INFO  s.d.s.w.r.o.CachingOperationNameGenerator - Generating unique operation named: handleUsingGET_1
2022-08-01_13-13-46 [restartedMain] INFO  s.d.s.w.r.o.CachingOperationNameGenerator - Generating unique operation named: handleUsingGET_2
2022-08-01_13-13-46 [restartedMain] INFO  c.a.AuthorizationMicroserviceApplication - Started AuthorizationMicroserviceApplication in 11.775 seconds (JVM running for 13.832)
2022-08-01_13-13-46 [RMI TCP Connection(3)-127.0.0.1] INFO  o.a.c.c.C.[.[localhost].[/auth] - Initializing Spring DispatcherServlet 'dispatcherServlet'
2022-08-01_13-13-46 [RMI TCP Connection(3)-127.0.0.1] INFO  o.s.web.servlet.DispatcherServlet - Initializing Servlet 'dispatcherServlet'
2022-08-01_13-13-46 [RMI TCP Connection(3)-127.0.0.1] INFO  o.s.web.servlet.DispatcherServlet - Completed initialization in 3 ms
2022-08-01_13-13-46 [http-nio-8000-exec-9] INFO  c.a.service.JwtUserDetailsService - User found
2022-08-01_13-13-46 [http-nio-8000-exec-9] INFO  c.a.service.JwtUserDetailsService - user successfully located
2022-08-01_13-13-46 [http-nio-8000-exec-9] INFO  c.a.c.JwtAuthenticationController - Authentication Successful Cool...
2022-08-01_13-13-46 [http-nio-8000-exec-9] INFO  c.a.c.JwtAuthenticationController - null======Credentials=======
2022-08-01_13-13-46 [http-nio-8000-exec-9] INFO  c.a.c.JwtAuthenticationController - sundar
2022-08-01_13-13-46 [http-nio-8000-exec-9] INFO  c.a.service.JwtUserDetailsService - User found
2022-08-01_13-13-46 [http-nio-8000-exec-9] INFO  c.a.service.JwtUserDetailsService - user successfully located
2022-08-01_13-13-46 [http-nio-8000-exec-9] INFO  c.a.c.JwtAuthenticationController - sundar
2022-08-01_13-13-46 [http-nio-8000-exec-10] INFO  c.a.service.JwtUserDetailsService - User found
2022-08-01_13-13-46 [http-nio-8000-exec-10] INFO  c.a.service.JwtUserDetailsService - user successfully located
2022-08-01_13-13-46 [http-nio-8000-exec-10] INFO  c.a.c.JwtAuthenticationController - Authentication Successful Cool...
2022-08-01_13-13-46 [http-nio-8000-exec-10] INFO  c.a.c.JwtAuthenticationController - null======Credentials=======
2022-08-01_13-13-46 [http-nio-8000-exec-10] INFO  c.a.c.JwtAuthenticationController - sundar
2022-08-01_13-13-46 [http-nio-8000-exec-10] INFO  c.a.service.JwtUserDetailsService - User found
2022-08-01_13-13-46 [http-nio-8000-exec-10] INFO  c.a.service.JwtUserDetailsService - user successfully located
2022-08-01_13-13-46 [http-nio-8000-exec-10] INFO  c.a.c.JwtAuthenticationController - sundar
2022-08-01_13-13-46 [http-nio-8000-exec-8] INFO  c.a.service.JwtUserDetailsService - User found
2022-08-01_13-13-46 [http-nio-8000-exec-8] INFO  c.a.service.JwtUserDetailsService - user successfully located
2022-08-01_13-13-46 [http-nio-8000-exec-8] INFO  c.a.c.JwtAuthenticationController - Bearer eyJhbGciOiJIUzUxMiJ9.eyJzdWIiOiJzdW5kYXIiLCJleHAiOjE2NTkzNDE3MjAsImlhdCI6MTY1OTMzOTkyMH0.F7YMxG9gHUu03z2MFag9LIbXzcswaeLQggCUHuqC2w8hgtqhUR8Q7RFlJEL-rN_87KKyXf5ZIvm1MbUH4koWUg
2022-08-01_13-13-46 [http-nio-8000-exec-8] INFO  c.a.c.JwtAuthenticationController - JWT token -->eyJhbGciOiJIUzUxMiJ9.eyJzdWIiOiJzdW5kYXIiLCJleHAiOjE2NTkzNDE3MjAsImlhdCI6MTY1OTMzOTkyMH0.F7YMxG9gHUu03z2MFag9LIbXzcswaeLQggCUHuqC2w8hgtqhUR8Q7RFlJEL-rN_87KKyXf5ZIvm1MbUH4koWUg
