2022-08-19_21-26-41 [restartedMain] INFO  c.a.AuthorizationMicroserviceApplication - Starting AuthorizationMicroserviceApplication using Java 11.0.10 on DESKTOP-UNGVIUO with PID 20556 (C:\Users\sindhujaa\Documents\fse0\FSE0 Back End_PMS\Authorization-Microservice\target\classes started by sindhujaa in C:\Users\sindhujaa\Documents\fse0\FSE0 Back End_PMS\Authorization-Microservice)
2022-08-19_21-26-41 [restartedMain] INFO  c.a.AuthorizationMicroserviceApplication - No active profile set, falling back to default profiles: default
2022-08-19_21-26-41 [restartedMain] INFO  o.s.b.d.e.DevToolsPropertyDefaultsPostProcessor - Devtools property defaults active! Set 'spring.devtools.add-properties' to 'false' to disable
2022-08-19_21-26-41 [restartedMain] INFO  o.s.b.d.e.DevToolsPropertyDefaultsPostProcessor - For additional web related logging consider setting the 'logging.level.web' property to 'DEBUG'
2022-08-19_21-26-41 [restartedMain] INFO  o.s.d.r.c.RepositoryConfigurationDelegate - Bootstrapping Spring Data JPA repositories in DEFAULT mode.
2022-08-19_21-26-41 [restartedMain] INFO  o.s.d.r.c.RepositoryConfigurationDelegate - Finished Spring Data repository scanning in 134 ms. Found 1 JPA repository interfaces.
2022-08-19_21-26-41 [restartedMain] INFO  o.s.cloud.context.scope.GenericScope - BeanFactory id=9cfaff61-749d-3a21-a9ed-bc8d51a71c97
2022-08-19_21-26-41 [restartedMain] INFO  o.s.b.w.e.tomcat.TomcatWebServer - Tomcat initialized with port(s): 8000 (http)
2022-08-19_21-26-41 [restartedMain] INFO  o.a.coyote.http11.Http11NioProtocol - Initializing ProtocolHandler ["http-nio-8000"]
2022-08-19_21-26-41 [restartedMain] INFO  o.a.catalina.core.StandardService - Starting service [Tomcat]
2022-08-19_21-26-41 [restartedMain] INFO  o.a.catalina.core.StandardEngine - Starting Servlet engine: [Apache Tomcat/9.0.41]
2022-08-19_21-26-41 [restartedMain] INFO  o.a.c.c.C.[.[localhost].[/auth] - Initializing Spring embedded WebApplicationContext
2022-08-19_21-26-41 [restartedMain] INFO  o.s.b.w.s.c.ServletWebServerApplicationContext - Root WebApplicationContext: initialization completed in 5822 ms
2022-08-19_21-26-41 [restartedMain] INFO  com.zaxxer.hikari.HikariDataSource - HikariPool-1 - Starting...
2022-08-19_21-26-41 [restartedMain] INFO  com.zaxxer.hikari.HikariDataSource - HikariPool-1 - Start completed.
2022-08-19_21-26-41 [restartedMain] INFO  o.s.b.a.h.H2ConsoleAutoConfiguration - H2 console available at '/h2-console'. Database available at 'jdbc:h2:mem:testdb'
2022-08-19_21-26-41 [restartedMain] INFO  o.h.jpa.internal.util.LogHelper - HHH000204: Processing PersistenceUnitInfo [name: default]
2022-08-19_21-26-41 [restartedMain] INFO  org.hibernate.Version - HHH000412: Hibernate ORM core version 5.4.27.Final
2022-08-19_21-26-41 [restartedMain] INFO  o.h.annotations.common.Version - HCANN000001: Hibernate Commons Annotations {5.1.2.Final}
2022-08-19_21-26-41 [restartedMain] INFO  org.hibernate.dialect.Dialect - HHH000400: Using dialect: org.hibernate.dialect.H2Dialect
2022-08-19_21-26-41 [restartedMain] INFO  o.h.e.t.j.p.i.JtaPlatformInitiator - HHH000490: Using JtaPlatform implementation: [org.hibernate.engine.transaction.jta.platform.internal.NoJtaPlatform]
2022-08-19_21-26-41 [restartedMain] INFO  o.s.o.j.LocalContainerEntityManagerFactoryBean - Initialized JPA EntityManagerFactory for persistence unit 'default'
2022-08-19_21-26-41 [restartedMain] INFO  o.s.b.d.a.OptionalLiveReloadServer - LiveReload server is running on port 35729
2022-08-19_21-26-41 [restartedMain] INFO  o.s.b.a.e.web.EndpointLinksResolver - Exposing 2 endpoint(s) beneath base path '/actuator'
2022-08-19_21-26-41 [restartedMain] INFO  s.d.s.w.PropertySourcedRequestMappingHandlerMapping - Mapped URL path [/v2/api-docs] onto method [springfox.documentation.swagger2.web.Swagger2Controller#getDocumentation(String, HttpServletRequest)]
2022-08-19_21-26-41 [restartedMain] INFO  o.s.s.web.DefaultSecurityFilterChain - Will secure any request with [org.springframework.security.web.context.request.async.WebAsyncManagerIntegrationFilter@44c64b6b, org.springframework.security.web.context.SecurityContextPersistenceFilter@4e3c91f9, org.springframework.security.web.header.HeaderWriterFilter@5ddbf9ff, org.springframework.security.web.authentication.logout.LogoutFilter@364cb6e2, com.authorization.config.JwtRequestFilter@8411a02, org.springframework.security.web.savedrequest.RequestCacheAwareFilter@24aa85c7, org.springframework.security.web.servletapi.SecurityContextHolderAwareRequestFilter@6d22dc5, org.springframework.security.web.authentication.AnonymousAuthenticationFilter@2be21ddc, org.springframework.security.web.session.SessionManagementFilter@7fb679bf, org.springframework.security.web.access.ExceptionTranslationFilter@574ed50f, org.springframework.security.web.access.intercept.FilterSecurityInterceptor@61efb51d]
2022-08-19_21-26-41 [restartedMain] INFO  o.s.s.c.ThreadPoolTaskExecutor - Initializing ExecutorService 'applicationTaskExecutor'
2022-08-19_21-26-41 [RMI TCP Connection(3)-127.0.0.1] INFO  o.a.c.c.C.[.[localhost].[/auth] - Initializing Spring DispatcherServlet 'dispatcherServlet'
2022-08-19_21-26-41 [RMI TCP Connection(3)-127.0.0.1] INFO  o.s.web.servlet.DispatcherServlet - Initializing Servlet 'dispatcherServlet'
2022-08-19_21-26-41 [RMI TCP Connection(3)-127.0.0.1] INFO  o.s.web.servlet.DispatcherServlet - Completed initialization in 3 ms
2022-08-19_21-26-41 [restartedMain] INFO  o.a.coyote.http11.Http11NioProtocol - Starting ProtocolHandler ["http-nio-8000"]
2022-08-19_21-26-41 [restartedMain] INFO  o.s.b.w.e.tomcat.TomcatWebServer - Tomcat started on port(s): 8000 (http) with context path '/auth'
2022-08-19_21-26-41 [restartedMain] INFO  s.d.s.w.p.DocumentationPluginsBootstrapper - Context refreshed
2022-08-19_21-26-41 [restartedMain] INFO  s.d.s.w.p.DocumentationPluginsBootstrapper - Found 1 custom documentation plugin(s)
2022-08-19_21-26-41 [restartedMain] INFO  s.d.s.w.s.ApiListingReferenceScanner - Scanning for api listing references
2022-08-19_21-26-41 [restartedMain] INFO  s.d.s.w.r.o.CachingOperationNameGenerator - Generating unique operation named: handleUsingGET_1
2022-08-19_21-26-41 [restartedMain] INFO  s.d.s.w.r.o.CachingOperationNameGenerator - Generating unique operation named: handleUsingGET_2
2022-08-19_21-26-41 [restartedMain] INFO  c.a.AuthorizationMicroserviceApplication - Started AuthorizationMicroserviceApplication in 15.364 seconds (JVM running for 19.168)
2022-08-19_21-26-41 [RMI TCP Connection(45)-127.0.0.1] INFO  o.s.b.a.SpringApplicationAdminMXBeanRegistrar$SpringApplicationAdmin - Application shutdown requested.
2022-08-19_21-26-41 [RMI TCP Connection(45)-127.0.0.1] INFO  o.s.s.c.ThreadPoolTaskExecutor - Shutting down ExecutorService 'applicationTaskExecutor'
2022-08-19_21-26-41 [RMI TCP Connection(45)-127.0.0.1] INFO  o.s.o.j.LocalContainerEntityManagerFactoryBean - Closing JPA EntityManagerFactory for persistence unit 'default'
2022-08-19_21-26-41 [RMI TCP Connection(45)-127.0.0.1] INFO  o.h.t.s.i.SchemaDropperImpl$DelayedDropActionImpl - HHH000477: Starting delayed evictData of schema as part of SessionFactory shut-down'
2022-08-19_21-26-41 [RMI TCP Connection(45)-127.0.0.1] INFO  com.zaxxer.hikari.HikariDataSource - HikariPool-1 - Shutdown initiated...
2022-08-19_21-26-41 [RMI TCP Connection(45)-127.0.0.1] INFO  com.zaxxer.hikari.HikariDataSource - HikariPool-1 - Shutdown completed.
2022-08-19_22-04-43 [main] INFO  o.s.b.t.c.SpringBootTestContextBootstrapper - Neither @ContextConfiguration nor @ContextHierarchy found for test class [com.authorization.AuthorizatiionMicroserviceApplicationTests], using SpringBootContextLoader
2022-08-19_22-04-43 [main] INFO  o.s.t.c.s.AbstractContextLoader - Could not detect default resource locations for test class [com.authorization.AuthorizatiionMicroserviceApplicationTests]: no resource found for suffixes {-context.xml, Context.groovy}.
2022-08-19_22-04-43 [main] INFO  o.s.t.c.s.AnnotationConfigContextLoaderUtils - Could not detect default configuration classes for test class [com.authorization.AuthorizatiionMicroserviceApplicationTests]: AuthorizatiionMicroserviceApplicationTests does not declare any static, non-private, non-final, nested classes annotated with @Configuration.
2022-08-19_22-04-43 [main] INFO  o.s.b.t.c.SpringBootTestContextBootstrapper - Found @SpringBootConfiguration com.authorization.AuthorizationMicroserviceApplication for test class com.authorization.AuthorizatiionMicroserviceApplicationTests
2022-08-19_22-04-43 [main] INFO  o.s.b.t.c.SpringBootTestContextBootstrapper - Loaded default TestExecutionListener class names from location [META-INF/spring.factories]: [org.springframework.security.test.context.support.WithSecurityContextTestExecutionListener, org.springframework.security.test.context.support.ReactorContextTestExecutionListener, org.springframework.test.context.web.ServletTestExecutionListener, org.springframework.test.context.support.DirtiesContextBeforeModesTestExecutionListener, org.springframework.test.context.event.ApplicationEventsTestExecutionListener, org.springframework.test.context.support.DependencyInjectionTestExecutionListener, org.springframework.test.context.support.DirtiesContextTestExecutionListener, org.springframework.test.context.transaction.TransactionalTestExecutionListener, org.springframework.test.context.jdbc.SqlScriptsTestExecutionListener, org.springframework.test.context.event.EventPublishingTestExecutionListener, org.springframework.boot.test.mock.mockito.MockitoTestExecutionListener, org.springframework.boot.test.mock.mockito.ResetMocksTestExecutionListener, org.springframework.boot.test.autoconfigure.restdocs.RestDocsTestExecutionListener, org.springframework.boot.test.autoconfigure.web.client.MockRestServiceServerResetTestExecutionListener, org.springframework.boot.test.autoconfigure.web.servlet.MockMvcPrintOnlyOnFailureTestExecutionListener, org.springframework.boot.test.autoconfigure.web.servlet.WebDriverTestExecutionListener, org.springframework.boot.test.autoconfigure.webservices.client.MockWebServiceServerTestExecutionListener]
2022-08-19_22-04-43 [main] INFO  o.s.b.t.c.SpringBootTestContextBootstrapper - Using TestExecutionListeners: [org.springframework.test.context.web.ServletTestExecutionListener@51f49060, org.springframework.test.context.support.DirtiesContextBeforeModesTestExecutionListener@514eedd8, org.springframework.test.context.event.ApplicationEventsTestExecutionListener@617fe9e1, org.springframework.boot.test.mock.mockito.MockitoTestExecutionListener@6970140a, org.springframework.boot.test.autoconfigure.SpringBootDependencyInjectionTestExecutionListener@1cf2fed4, org.springframework.test.context.support.DirtiesContextTestExecutionListener@3af4e0bf, org.springframework.test.context.transaction.TransactionalTestExecutionListener@245a26e1, org.springframework.test.context.jdbc.SqlScriptsTestExecutionListener@4d63b624, org.springframework.security.test.context.support.WithSecurityContextTestExecutionListener@466cf502, org.springframework.test.context.event.EventPublishingTestExecutionListener@5b800468, org.springframework.security.test.context.support.ReactorContextTestExecutionListener@2e185cd7, org.springframework.boot.test.mock.mockito.ResetMocksTestExecutionListener@7e1a1da6, org.springframework.boot.test.autoconfigure.restdocs.RestDocsTestExecutionListener@5f7f2382, org.springframework.boot.test.autoconfigure.web.client.MockRestServiceServerResetTestExecutionListener@407cf41, org.springframework.boot.test.autoconfigure.web.servlet.MockMvcPrintOnlyOnFailureTestExecutionListener@6815c5f2, org.springframework.boot.test.autoconfigure.web.servlet.WebDriverTestExecutionListener@46cc127b, org.springframework.boot.test.autoconfigure.webservices.client.MockWebServiceServerTestExecutionListener@60094a13]
2022-08-19_22-04-45 [main] INFO  c.a.AuthorizatiionMicroserviceApplicationTests - Starting AuthorizatiionMicroserviceApplicationTests using Java 11.0.10 on DESKTOP-UNGVIUO with PID 13308 (started by sindhujaa in C:\Users\sindhujaa\Documents\fse0\FSE0 Back End_PMS\Authorization-Microservice)
2022-08-19_22-04-45 [main] INFO  c.a.AuthorizatiionMicroserviceApplicationTests - No active profile set, falling back to default profiles: default
2022-08-19_22-04-45 [main] INFO  o.s.d.r.c.RepositoryConfigurationDelegate - Bootstrapping Spring Data JPA repositories in DEFAULT mode.
2022-08-19_22-04-45 [main] INFO  o.s.d.r.c.RepositoryConfigurationDelegate - Finished Spring Data repository scanning in 177 ms. Found 1 JPA repository interfaces.
2022-08-19_22-04-45 [main] INFO  o.s.cloud.context.scope.GenericScope - BeanFactory id=676d5576-c6b4-3070-9457-fad833ab0c39
2022-08-19_22-04-45 [main] INFO  o.h.jpa.internal.util.LogHelper - HHH000204: Processing PersistenceUnitInfo [name: default]
2022-08-19_22-04-45 [main] INFO  org.hibernate.Version - HHH000412: Hibernate ORM core version 5.4.27.Final
2022-08-19_22-04-45 [main] INFO  o.h.annotations.common.Version - HCANN000001: Hibernate Commons Annotations {5.1.2.Final}
2022-08-19_22-04-45 [main] INFO  com.zaxxer.hikari.HikariDataSource - HikariPool-1 - Starting...
2022-08-19_22-04-45 [main] INFO  com.zaxxer.hikari.HikariDataSource - HikariPool-1 - Start completed.
2022-08-19_22-04-45 [main] INFO  org.hibernate.dialect.Dialect - HHH000400: Using dialect: org.hibernate.dialect.H2Dialect
2022-08-19_22-04-45 [main] INFO  o.h.e.t.j.p.i.JtaPlatformInitiator - HHH000490: Using JtaPlatform implementation: [org.hibernate.engine.transaction.jta.platform.internal.NoJtaPlatform]
2022-08-19_22-04-45 [main] INFO  o.s.o.j.LocalContainerEntityManagerFactoryBean - Initialized JPA EntityManagerFactory for persistence unit 'default'
2022-08-19_22-04-45 [main] INFO  o.s.b.a.h.H2ConsoleAutoConfiguration - H2 console available at '/h2-console'. Database available at 'jdbc:h2:mem:testdb'
2022-08-19_22-04-45 [main] INFO  o.s.b.a.e.web.EndpointLinksResolver - Exposing 2 endpoint(s) beneath base path '/actuator'
2022-08-19_22-04-45 [main] INFO  s.d.s.w.PropertySourcedRequestMappingHandlerMapping - Mapped URL path [/v2/api-docs] onto method [springfox.documentation.swagger2.web.Swagger2Controller#getDocumentation(String, HttpServletRequest)]
2022-08-19_22-04-45 [main] INFO  o.s.s.web.DefaultSecurityFilterChain - Will secure any request with [org.springframework.security.web.context.request.async.WebAsyncManagerIntegrationFilter@49a0fe14, org.springframework.security.web.context.SecurityContextPersistenceFilter@7a791e8b, org.springframework.security.web.header.HeaderWriterFilter@6b6d8671, org.springframework.security.web.authentication.logout.LogoutFilter@6179551b, com.authorization.config.JwtRequestFilter@6b888692, org.springframework.security.web.savedrequest.RequestCacheAwareFilter@65c634f2, org.springframework.security.web.servletapi.SecurityContextHolderAwareRequestFilter@24673720, org.springframework.security.web.authentication.AnonymousAuthenticationFilter@11eb8842, org.springframework.security.web.session.SessionManagementFilter@4cb0e39e, org.springframework.security.web.access.ExceptionTranslationFilter@315bb2bb, org.springframework.security.web.access.intercept.FilterSecurityInterceptor@30fffb53]
2022-08-19_22-04-45 [main] INFO  o.s.s.c.ThreadPoolTaskExecutor - Initializing ExecutorService 'applicationTaskExecutor'
2022-08-19_22-04-45 [main] INFO  s.d.s.w.p.DocumentationPluginsBootstrapper - Context refreshed
2022-08-19_22-04-45 [main] INFO  s.d.s.w.p.DocumentationPluginsBootstrapper - Found 1 custom documentation plugin(s)
2022-08-19_22-04-45 [main] INFO  s.d.s.w.s.ApiListingReferenceScanner - Scanning for api listing references
2022-08-19_22-04-45 [main] INFO  s.d.s.w.r.o.CachingOperationNameGenerator - Generating unique operation named: handleUsingGET_1
2022-08-19_22-04-45 [main] INFO  s.d.s.w.r.o.CachingOperationNameGenerator - Generating unique operation named: handleUsingGET_2
2022-08-19_22-04-45 [main] INFO  c.a.AuthorizatiionMicroserviceApplicationTests - Started AuthorizatiionMicroserviceApplicationTests in 22.35 seconds (JVM running for 25.24)
2022-08-19_22-05-09 [main] INFO  c.a.AuthorizationMicroserviceApplication - Starting AuthorizationMicroserviceApplication using Java 11.0.10 on DESKTOP-UNGVIUO with PID 13308 (started by sindhujaa in C:\Users\sindhujaa\Documents\fse0\FSE0 Back End_PMS\Authorization-Microservice)
2022-08-19_22-05-09 [main] INFO  c.a.AuthorizationMicroserviceApplication - No active profile set, falling back to default profiles: default
2022-08-19_22-05-09 [main] INFO  o.s.d.r.c.RepositoryConfigurationDelegate - Bootstrapping Spring Data JPA repositories in DEFAULT mode.
2022-08-19_22-05-09 [main] INFO  o.s.d.r.c.RepositoryConfigurationDelegate - Finished Spring Data repository scanning in 76 ms. Found 1 JPA repository interfaces.
2022-08-19_22-05-09 [main] INFO  o.s.cloud.context.scope.GenericScope - BeanFactory id=b639aa71-aa2d-3892-a530-0d302c2a9984
2022-08-19_22-05-09 [main] INFO  o.s.b.w.e.tomcat.TomcatWebServer - Tomcat initialized with port(s): 8000 (http)
2022-08-19_22-05-09 [main] INFO  o.a.coyote.http11.Http11NioProtocol - Initializing ProtocolHandler ["http-nio-8000"]
2022-08-19_22-05-09 [main] INFO  o.a.catalina.core.StandardService - Starting service [Tomcat]
2022-08-19_22-05-09 [main] INFO  o.a.catalina.core.StandardEngine - Starting Servlet engine: [Apache Tomcat/9.0.41]
2022-08-19_22-05-09 [main] INFO  o.a.c.c.C.[.[localhost].[/auth] - Initializing Spring embedded WebApplicationContext
2022-08-19_22-05-09 [main] INFO  o.s.b.w.s.c.ServletWebServerApplicationContext - Root WebApplicationContext: initialization completed in 3396 ms
2022-08-19_22-05-09 [main] INFO  com.zaxxer.hikari.HikariDataSource - HikariPool-2 - Starting...
2022-08-19_22-05-09 [main] INFO  com.zaxxer.hikari.HikariDataSource - HikariPool-2 - Start completed.
2022-08-19_22-05-09 [main] INFO  o.s.b.a.h.H2ConsoleAutoConfiguration - H2 console available at '/h2-console'. Database available at 'jdbc:h2:mem:testdb'
2022-08-19_22-05-09 [main] INFO  o.h.jpa.internal.util.LogHelper - HHH000204: Processing PersistenceUnitInfo [name: default]
2022-08-19_22-05-09 [main] INFO  org.hibernate.dialect.Dialect - HHH000400: Using dialect: org.hibernate.dialect.H2Dialect
2022-08-19_22-05-09 [main] INFO  o.h.e.t.j.p.i.JtaPlatformInitiator - HHH000490: Using JtaPlatform implementation: [org.hibernate.engine.transaction.jta.platform.internal.NoJtaPlatform]
2022-08-19_22-05-09 [main] INFO  o.s.o.j.LocalContainerEntityManagerFactoryBean - Initialized JPA EntityManagerFactory for persistence unit 'default'
2022-08-19_22-05-09 [main] INFO  o.s.b.a.e.web.EndpointLinksResolver - Exposing 2 endpoint(s) beneath base path '/actuator'
2022-08-19_22-05-09 [main] INFO  s.d.s.w.PropertySourcedRequestMappingHandlerMapping - Mapped URL path [/v2/api-docs] onto method [springfox.documentation.swagger2.web.Swagger2Controller#getDocumentation(String, HttpServletRequest)]
2022-08-19_22-05-09 [main] INFO  o.s.s.web.DefaultSecurityFilterChain - Will secure any request with [org.springframework.security.web.context.request.async.WebAsyncManagerIntegrationFilter@c39ebcf, org.springframework.security.web.context.SecurityContextPersistenceFilter@4c12e25d, org.springframework.security.web.header.HeaderWriterFilter@189d8bef, org.springframework.security.web.authentication.logout.LogoutFilter@55c7ba5, com.authorization.config.JwtRequestFilter@3947bad4, org.springframework.security.web.savedrequest.RequestCacheAwareFilter@503a3c11, org.springframework.security.web.servletapi.SecurityContextHolderAwareRequestFilter@240c170a, org.springframework.security.web.authentication.AnonymousAuthenticationFilter@7ff167c4, org.springframework.security.web.session.SessionManagementFilter@5af410a1, org.springframework.security.web.access.ExceptionTranslationFilter@74ed1b3d, org.springframework.security.web.access.intercept.FilterSecurityInterceptor@58030528]
2022-08-19_22-05-09 [main] INFO  o.s.s.c.ThreadPoolTaskExecutor - Initializing ExecutorService 'applicationTaskExecutor'
2022-08-19_22-05-09 [main] INFO  o.a.coyote.http11.Http11NioProtocol - Starting ProtocolHandler ["http-nio-8000"]
2022-08-19_22-05-09 [main] INFO  o.s.b.w.e.tomcat.TomcatWebServer - Tomcat started on port(s): 8000 (http) with context path '/auth'
2022-08-19_22-05-09 [main] INFO  s.d.s.w.p.DocumentationPluginsBootstrapper - Context refreshed
2022-08-19_22-05-09 [main] INFO  s.d.s.w.p.DocumentationPluginsBootstrapper - Found 1 custom documentation plugin(s)
2022-08-19_22-05-09 [main] INFO  s.d.s.w.s.ApiListingReferenceScanner - Scanning for api listing references
2022-08-19_22-05-09 [main] INFO  s.d.s.w.r.o.CachingOperationNameGenerator - Generating unique operation named: handleUsingGET_1
2022-08-19_22-05-09 [main] INFO  s.d.s.w.r.o.CachingOperationNameGenerator - Generating unique operation named: handleUsingGET_2
2022-08-19_22-05-09 [main] INFO  c.a.AuthorizationMicroserviceApplication - Started AuthorizationMicroserviceApplication in 9.772 seconds (JVM running for 35.607)
2022-08-19_22-05-09 [main] INFO  o.s.b.t.c.SpringBootTestContextBootstrapper - Neither @ContextConfiguration nor @ContextHierarchy found for test class [com.authorization.config.JwtTokenUtilTest], using SpringBootContextLoader
2022-08-19_22-05-09 [main] INFO  o.s.t.c.s.AbstractContextLoader - Could not detect default resource locations for test class [com.authorization.config.JwtTokenUtilTest]: no resource found for suffixes {-context.xml, Context.groovy}.
2022-08-19_22-05-09 [main] INFO  o.s.t.c.s.AnnotationConfigContextLoaderUtils - Could not detect default configuration classes for test class [com.authorization.config.JwtTokenUtilTest]: JwtTokenUtilTest does not declare any static, non-private, non-final, nested classes annotated with @Configuration.
2022-08-19_22-05-09 [main] INFO  o.s.b.t.c.SpringBootTestContextBootstrapper - Found @SpringBootConfiguration com.authorization.AuthorizationMicroserviceApplication for test class com.authorization.config.JwtTokenUtilTest
2022-08-19_22-05-09 [main] INFO  o.s.b.t.c.SpringBootTestContextBootstrapper - Loaded default TestExecutionListener class names from location [META-INF/spring.factories]: [org.springframework.security.test.context.support.WithSecurityContextTestExecutionListener, org.springframework.security.test.context.support.ReactorContextTestExecutionListener, org.springframework.test.context.web.ServletTestExecutionListener, org.springframework.test.context.support.DirtiesContextBeforeModesTestExecutionListener, org.springframework.test.context.event.ApplicationEventsTestExecutionListener, org.springframework.test.context.support.DependencyInjectionTestExecutionListener, org.springframework.test.context.support.DirtiesContextTestExecutionListener, org.springframework.test.context.transaction.TransactionalTestExecutionListener, org.springframework.test.context.jdbc.SqlScriptsTestExecutionListener, org.springframework.test.context.event.EventPublishingTestExecutionListener, org.springframework.boot.test.mock.mockito.MockitoTestExecutionListener, org.springframework.boot.test.mock.mockito.ResetMocksTestExecutionListener, org.springframework.boot.test.autoconfigure.restdocs.RestDocsTestExecutionListener, org.springframework.boot.test.autoconfigure.web.client.MockRestServiceServerResetTestExecutionListener, org.springframework.boot.test.autoconfigure.web.servlet.MockMvcPrintOnlyOnFailureTestExecutionListener, org.springframework.boot.test.autoconfigure.web.servlet.WebDriverTestExecutionListener, org.springframework.boot.test.autoconfigure.webservices.client.MockWebServiceServerTestExecutionListener]
2022-08-19_22-05-09 [main] INFO  o.s.b.t.c.SpringBootTestContextBootstrapper - Using TestExecutionListeners: [org.springframework.test.context.web.ServletTestExecutionListener@3d872a12, org.springframework.test.context.support.DirtiesContextBeforeModesTestExecutionListener@7efaa137, org.springframework.test.context.event.ApplicationEventsTestExecutionListener@e08853d, org.springframework.boot.test.mock.mockito.MockitoTestExecutionListener@3828f303, org.springframework.boot.test.autoconfigure.SpringBootDependencyInjectionTestExecutionListener@3c7b89ae, org.springframework.test.context.support.DirtiesContextTestExecutionListener@1723640f, org.springframework.test.context.transaction.TransactionalTestExecutionListener@5dc83abb, org.springframework.test.context.jdbc.SqlScriptsTestExecutionListener@22876aea, org.springframework.security.test.context.support.WithSecurityContextTestExecutionListener@4251b1ed, org.springframework.test.context.event.EventPublishingTestExecutionListener@4edea6b4, org.springframework.security.test.context.support.ReactorContextTestExecutionListener@52df4036, org.springframework.boot.test.mock.mockito.ResetMocksTestExecutionListener@4b96b0bd, org.springframework.boot.test.autoconfigure.restdocs.RestDocsTestExecutionListener@487befb, org.springframework.boot.test.autoconfigure.web.client.MockRestServiceServerResetTestExecutionListener@3f5743d9, org.springframework.boot.test.autoconfigure.web.servlet.MockMvcPrintOnlyOnFailureTestExecutionListener@17a17af5, org.springframework.boot.test.autoconfigure.web.servlet.WebDriverTestExecutionListener@694c23e4, org.springframework.boot.test.autoconfigure.webservices.client.MockWebServiceServerTestExecutionListener@50853850]
2022-08-19_22-05-18 [main] INFO  c.a.config.JwtTokenUtilTest - Starting JwtTokenUtilTest using Java 11.0.10 on DESKTOP-UNGVIUO with PID 13308 (started by sindhujaa in C:\Users\sindhujaa\Documents\fse0\FSE0 Back End_PMS\Authorization-Microservice)
2022-08-19_22-05-18 [main] INFO  c.a.config.JwtTokenUtilTest - No active profile set, falling back to default profiles: default
2022-08-19_22-05-18 [main] INFO  o.s.d.r.c.RepositoryConfigurationDelegate - Bootstrapping Spring Data JPA repositories in DEFAULT mode.
2022-08-19_22-05-18 [main] INFO  o.s.d.r.c.RepositoryConfigurationDelegate - Finished Spring Data repository scanning in 86 ms. Found 1 JPA repository interfaces.
2022-08-19_22-05-18 [main] INFO  o.s.cloud.context.scope.GenericScope - BeanFactory id=676d5576-c6b4-3070-9457-fad833ab0c39
2022-08-19_22-05-18 [main] INFO  o.h.jpa.internal.util.LogHelper - HHH000204: Processing PersistenceUnitInfo [name: default]
2022-08-19_22-05-18 [main] INFO  com.zaxxer.hikari.HikariDataSource - HikariPool-3 - Starting...
2022-08-19_22-05-18 [main] INFO  com.zaxxer.hikari.HikariDataSource - HikariPool-3 - Start completed.
2022-08-19_22-05-18 [main] INFO  org.hibernate.dialect.Dialect - HHH000400: Using dialect: org.hibernate.dialect.H2Dialect
2022-08-19_22-05-18 [main] INFO  o.h.e.t.j.p.i.JtaPlatformInitiator - HHH000490: Using JtaPlatform implementation: [org.hibernate.engine.transaction.jta.platform.internal.NoJtaPlatform]
2022-08-19_22-05-18 [main] INFO  o.s.o.j.LocalContainerEntityManagerFactoryBean - Initialized JPA EntityManagerFactory for persistence unit 'default'
2022-08-19_22-05-18 [main] INFO  o.s.b.a.h.H2ConsoleAutoConfiguration - H2 console available at '/h2-console'. Database available at 'jdbc:h2:mem:testdb'
2022-08-19_22-05-18 [main] INFO  o.s.b.a.e.web.EndpointLinksResolver - Exposing 2 endpoint(s) beneath base path '/actuator'
2022-08-19_22-05-18 [main] INFO  s.d.s.w.PropertySourcedRequestMappingHandlerMapping - Mapped URL path [/v2/api-docs] onto method [springfox.documentation.swagger2.web.Swagger2Controller#getDocumentation(String, HttpServletRequest)]
2022-08-19_22-05-18 [main] INFO  o.s.s.web.DefaultSecurityFilterChain - Will secure any request with [org.springframework.security.web.context.request.async.WebAsyncManagerIntegrationFilter@1ecf9602, org.springframework.security.web.context.SecurityContextPersistenceFilter@747c3ad5, org.springframework.security.web.header.HeaderWriterFilter@77e062f4, org.springframework.security.web.authentication.logout.LogoutFilter@6840f38e, com.authorization.config.JwtRequestFilter@47cb3171, org.springframework.security.web.savedrequest.RequestCacheAwareFilter@23ed406, org.springframework.security.web.servletapi.SecurityContextHolderAwareRequestFilter@763de177, org.springframework.security.web.authentication.AnonymousAuthenticationFilter@1e4b197f, org.springframework.security.web.session.SessionManagementFilter@4d58d224, org.springframework.security.web.access.ExceptionTranslationFilter@72909488, org.springframework.security.web.access.intercept.FilterSecurityInterceptor@7ef9d004]
2022-08-19_22-05-18 [main] INFO  o.s.s.c.ThreadPoolTaskExecutor - Initializing ExecutorService 'applicationTaskExecutor'
2022-08-19_22-05-18 [main] INFO  s.d.s.w.p.DocumentationPluginsBootstrapper - Context refreshed
2022-08-19_22-05-18 [main] INFO  s.d.s.w.p.DocumentationPluginsBootstrapper - Found 1 custom documentation plugin(s)
2022-08-19_22-05-18 [main] INFO  s.d.s.w.s.ApiListingReferenceScanner - Scanning for api listing references
2022-08-19_22-05-18 [main] INFO  s.d.s.w.r.o.CachingOperationNameGenerator - Generating unique operation named: handleUsingGET_1
2022-08-19_22-05-18 [main] INFO  s.d.s.w.r.o.CachingOperationNameGenerator - Generating unique operation named: handleUsingGET_2
2022-08-19_22-05-18 [main] INFO  c.a.config.JwtTokenUtilTest - Started JwtTokenUtilTest in 11.45 seconds (JVM running for 47.327)
2022-08-19_22-05-18 [main] INFO  o.s.b.t.c.SpringBootTestContextBootstrapper - Neither @ContextConfiguration nor @ContextHierarchy found for test class [com.authorization.controller.JwtAuthenticationControllerEndPointsTest], using SpringBootContextLoader
2022-08-19_22-05-18 [main] INFO  o.s.t.c.s.AbstractContextLoader - Could not detect default resource locations for test class [com.authorization.controller.JwtAuthenticationControllerEndPointsTest]: no resource found for suffixes {-context.xml, Context.groovy}.
2022-08-19_22-05-18 [main] INFO  o.s.t.c.s.AnnotationConfigContextLoaderUtils - Could not detect default configuration classes for test class [com.authorization.controller.JwtAuthenticationControllerEndPointsTest]: JwtAuthenticationControllerEndPointsTest does not declare any static, non-private, non-final, nested classes annotated with @Configuration.
2022-08-19_22-05-18 [main] INFO  o.s.b.t.c.SpringBootTestContextBootstrapper - Found @SpringBootConfiguration com.authorization.AuthorizationMicroserviceApplication for test class com.authorization.controller.JwtAuthenticationControllerEndPointsTest
2022-08-19_22-05-18 [main] INFO  o.s.b.t.c.SpringBootTestContextBootstrapper - Loaded default TestExecutionListener class names from location [META-INF/spring.factories]: [org.springframework.security.test.context.support.WithSecurityContextTestExecutionListener, org.springframework.security.test.context.support.ReactorContextTestExecutionListener, org.springframework.test.context.web.ServletTestExecutionListener, org.springframework.test.context.support.DirtiesContextBeforeModesTestExecutionListener, org.springframework.test.context.event.ApplicationEventsTestExecutionListener, org.springframework.test.context.support.DependencyInjectionTestExecutionListener, org.springframework.test.context.support.DirtiesContextTestExecutionListener, org.springframework.test.context.transaction.TransactionalTestExecutionListener, org.springframework.test.context.jdbc.SqlScriptsTestExecutionListener, org.springframework.test.context.event.EventPublishingTestExecutionListener, org.springframework.boot.test.mock.mockito.MockitoTestExecutionListener, org.springframework.boot.test.mock.mockito.ResetMocksTestExecutionListener, org.springframework.boot.test.autoconfigure.restdocs.RestDocsTestExecutionListener, org.springframework.boot.test.autoconfigure.web.client.MockRestServiceServerResetTestExecutionListener, org.springframework.boot.test.autoconfigure.web.servlet.MockMvcPrintOnlyOnFailureTestExecutionListener, org.springframework.boot.test.autoconfigure.web.servlet.WebDriverTestExecutionListener, org.springframework.boot.test.autoconfigure.webservices.client.MockWebServiceServerTestExecutionListener]
2022-08-19_22-05-18 [main] INFO  o.s.b.t.c.SpringBootTestContextBootstrapper - Using TestExecutionListeners: [org.springframework.test.context.web.ServletTestExecutionListener@1717302b, org.springframework.test.context.support.DirtiesContextBeforeModesTestExecutionListener@77a19366, org.springframework.test.context.event.ApplicationEventsTestExecutionListener@416bf563, org.springframework.boot.test.mock.mockito.MockitoTestExecutionListener@310d05c5, org.springframework.boot.test.autoconfigure.SpringBootDependencyInjectionTestExecutionListener@1fb5eda7, org.springframework.test.context.support.DirtiesContextTestExecutionListener@64746794, org.springframework.test.context.transaction.TransactionalTestExecutionListener@7aaa4694, org.springframework.test.context.jdbc.SqlScriptsTestExecutionListener@23504729, org.springframework.security.test.context.support.WithSecurityContextTestExecutionListener@13b85e31, org.springframework.test.context.event.EventPublishingTestExecutionListener@5437c315, org.springframework.security.test.context.support.ReactorContextTestExecutionListener@7c81b1e1, org.springframework.boot.test.mock.mockito.ResetMocksTestExecutionListener@5dc9d857, org.springframework.boot.test.autoconfigure.restdocs.RestDocsTestExecutionListener@cd14c09, org.springframework.boot.test.autoconfigure.web.client.MockRestServiceServerResetTestExecutionListener@661409ed, org.springframework.boot.test.autoconfigure.web.servlet.MockMvcPrintOnlyOnFailureTestExecutionListener@176ba277, org.springframework.boot.test.autoconfigure.web.servlet.WebDriverTestExecutionListener@473dbad, org.springframework.boot.test.autoconfigure.webservices.client.MockWebServiceServerTestExecutionListener@2447e2e]
2022-08-19_22-05-31 [main] INFO  c.a.c.JwtAuthenticationControllerEndPointsTest - Starting JwtAuthenticationControllerEndPointsTest using Java 11.0.10 on DESKTOP-UNGVIUO with PID 13308 (started by sindhujaa in C:\Users\sindhujaa\Documents\fse0\FSE0 Back End_PMS\Authorization-Microservice)
2022-08-19_22-05-31 [main] INFO  c.a.c.JwtAuthenticationControllerEndPointsTest - No active profile set, falling back to default profiles: default
2022-08-19_22-05-31 [main] INFO  o.s.d.r.c.RepositoryConfigurationDelegate - Bootstrapping Spring Data JPA repositories in DEFAULT mode.
2022-08-19_22-05-31 [main] INFO  o.s.d.r.c.RepositoryConfigurationDelegate - Finished Spring Data repository scanning in 36 ms. Found 1 JPA repository interfaces.
2022-08-19_22-05-31 [main] INFO  o.s.cloud.context.scope.GenericScope - BeanFactory id=4116599f-bfe8-30c6-a4eb-a8c6d923f807
2022-08-19_22-05-31 [main] INFO  o.h.jpa.internal.util.LogHelper - HHH000204: Processing PersistenceUnitInfo [name: default]
2022-08-19_22-05-31 [main] INFO  com.zaxxer.hikari.HikariDataSource - HikariPool-4 - Starting...
2022-08-19_22-05-31 [main] INFO  com.zaxxer.hikari.HikariDataSource - HikariPool-4 - Start completed.
2022-08-19_22-05-31 [main] INFO  org.hibernate.dialect.Dialect - HHH000400: Using dialect: org.hibernate.dialect.H2Dialect
2022-08-19_22-05-31 [main] INFO  o.h.e.t.j.p.i.JtaPlatformInitiator - HHH000490: Using JtaPlatform implementation: [org.hibernate.engine.transaction.jta.platform.internal.NoJtaPlatform]
2022-08-19_22-05-31 [main] INFO  o.s.o.j.LocalContainerEntityManagerFactoryBean - Initialized JPA EntityManagerFactory for persistence unit 'default'
2022-08-19_22-05-31 [main] INFO  o.s.b.a.h.H2ConsoleAutoConfiguration - H2 console available at '/h2-console'. Database available at 'jdbc:h2:mem:testdb'
2022-08-19_22-05-31 [main] INFO  o.s.b.a.e.web.EndpointLinksResolver - Exposing 2 endpoint(s) beneath base path '/actuator'
2022-08-19_22-05-31 [main] INFO  s.d.s.w.PropertySourcedRequestMappingHandlerMapping - Mapped URL path [/v2/api-docs] onto method [springfox.documentation.swagger2.web.Swagger2Controller#getDocumentation(String, HttpServletRequest)]
2022-08-19_22-05-31 [main] INFO  o.s.s.web.DefaultSecurityFilterChain - Will secure any request with [org.springframework.security.web.context.request.async.WebAsyncManagerIntegrationFilter@496b3cb8, org.springframework.security.web.context.SecurityContextPersistenceFilter@341c9192, org.springframework.security.web.header.HeaderWriterFilter@27ed1d60, org.springframework.security.web.authentication.logout.LogoutFilter@5196648a, com.authorization.config.JwtRequestFilter@3dd7721b, org.springframework.security.web.savedrequest.RequestCacheAwareFilter@62bf77cc, org.springframework.security.web.servletapi.SecurityContextHolderAwareRequestFilter@2d7660e6, org.springframework.security.web.authentication.AnonymousAuthenticationFilter@3edb6fe, org.springframework.security.web.session.SessionManagementFilter@71abb4e7, org.springframework.security.web.access.ExceptionTranslationFilter@c5b55c8, org.springframework.security.web.access.intercept.FilterSecurityInterceptor@3d62c84]
2022-08-19_22-05-31 [main] INFO  o.s.s.c.ThreadPoolTaskExecutor - Initializing ExecutorService 'applicationTaskExecutor'
2022-08-19_22-05-31 [main] INFO  o.s.b.t.m.w.SpringBootMockServletContext - Initializing Spring TestDispatcherServlet ''
2022-08-19_22-05-31 [main] INFO  o.s.t.w.s.TestDispatcherServlet - Initializing Servlet ''
2022-08-19_22-05-31 [main] INFO  o.s.t.w.s.TestDispatcherServlet - Completed initialization in 2 ms
2022-08-19_22-05-31 [main] INFO  s.d.s.w.p.DocumentationPluginsBootstrapper - Context refreshed
2022-08-19_22-05-31 [main] INFO  s.d.s.w.p.DocumentationPluginsBootstrapper - Found 1 custom documentation plugin(s)
2022-08-19_22-05-31 [main] INFO  s.d.s.w.s.ApiListingReferenceScanner - Scanning for api listing references
2022-08-19_22-05-31 [main] INFO  s.d.s.w.r.o.CachingOperationNameGenerator - Generating unique operation named: handleUsingGET_1
2022-08-19_22-05-31 [main] INFO  s.d.s.w.r.o.CachingOperationNameGenerator - Generating unique operation named: handleUsingGET_2
2022-08-19_22-05-31 [main] INFO  c.a.c.JwtAuthenticationControllerEndPointsTest - Started JwtAuthenticationControllerEndPointsTest in 5.055 seconds (JVM running for 53.896)
2022-08-19_22-05-31 [main] INFO  c.a.c.JwtAuthenticationController - 
2022-08-19_22-05-31 [main] INFO  c.a.c.JwtAuthenticationController - Authentication Successful Cool...
2022-08-19_22-05-31 [main] INFO  c.a.c.JwtAuthenticationController - Bearer token
2022-08-19_22-05-31 [main] INFO  c.a.c.JwtAuthenticationController - JWT token -->token
2022-08-19_22-05-31 [main] INFO  c.a.c.JwtAuthenticationController - Authentication Successful Cool...
2022-08-19_22-05-31 [main] INFO  o.s.b.t.c.SpringBootTestContextBootstrapper - Neither @ContextConfiguration nor @ContextHierarchy found for test class [com.authorization.controller.JwtAuthenticationControllerTest], using SpringBootContextLoader
2022-08-19_22-05-31 [main] INFO  o.s.t.c.s.AbstractContextLoader - Could not detect default resource locations for test class [com.authorization.controller.JwtAuthenticationControllerTest]: no resource found for suffixes {-context.xml, Context.groovy}.
2022-08-19_22-05-31 [main] INFO  o.s.t.c.s.AnnotationConfigContextLoaderUtils - Could not detect default configuration classes for test class [com.authorization.controller.JwtAuthenticationControllerTest]: JwtAuthenticationControllerTest does not declare any static, non-private, non-final, nested classes annotated with @Configuration.
2022-08-19_22-05-31 [main] INFO  o.s.b.t.c.SpringBootTestContextBootstrapper - Found @SpringBootConfiguration com.authorization.AuthorizationMicroserviceApplication for test class com.authorization.controller.JwtAuthenticationControllerTest
2022-08-19_22-05-31 [main] INFO  o.s.b.t.c.SpringBootTestContextBootstrapper - Loaded default TestExecutionListener class names from location [META-INF/spring.factories]: [org.springframework.security.test.context.support.WithSecurityContextTestExecutionListener, org.springframework.security.test.context.support.ReactorContextTestExecutionListener, org.springframework.test.context.web.ServletTestExecutionListener, org.springframework.test.context.support.DirtiesContextBeforeModesTestExecutionListener, org.springframework.test.context.event.ApplicationEventsTestExecutionListener, org.springframework.test.context.support.DependencyInjectionTestExecutionListener, org.springframework.test.context.support.DirtiesContextTestExecutionListener, org.springframework.test.context.transaction.TransactionalTestExecutionListener, org.springframework.test.context.jdbc.SqlScriptsTestExecutionListener, org.springframework.test.context.event.EventPublishingTestExecutionListener, org.springframework.boot.test.mock.mockito.MockitoTestExecutionListener, org.springframework.boot.test.mock.mockito.ResetMocksTestExecutionListener, org.springframework.boot.test.autoconfigure.restdocs.RestDocsTestExecutionListener, org.springframework.boot.test.autoconfigure.web.client.MockRestServiceServerResetTestExecutionListener, org.springframework.boot.test.autoconfigure.web.servlet.MockMvcPrintOnlyOnFailureTestExecutionListener, org.springframework.boot.test.autoconfigure.web.servlet.WebDriverTestExecutionListener, org.springframework.boot.test.autoconfigure.webservices.client.MockWebServiceServerTestExecutionListener]
2022-08-19_22-05-31 [main] INFO  o.s.b.t.c.SpringBootTestContextBootstrapper - Using TestExecutionListeners: [org.springframework.test.context.web.ServletTestExecutionListener@43f016a2, org.springframework.test.context.support.DirtiesContextBeforeModesTestExecutionListener@44697322, org.springframework.test.context.event.ApplicationEventsTestExecutionListener@50ea6110, org.springframework.boot.test.mock.mockito.MockitoTestExecutionListener@105637ea, org.springframework.boot.test.autoconfigure.SpringBootDependencyInjectionTestExecutionListener@53506644, org.springframework.test.context.support.DirtiesContextTestExecutionListener@5cafef6f, org.springframework.test.context.transaction.TransactionalTestExecutionListener@5fcef70b, org.springframework.test.context.jdbc.SqlScriptsTestExecutionListener@7e06727f, org.springframework.security.test.context.support.WithSecurityContextTestExecutionListener@2e3459bd, org.springframework.test.context.event.EventPublishingTestExecutionListener@d431f83, org.springframework.security.test.context.support.ReactorContextTestExecutionListener@251dd78f, org.springframework.boot.test.mock.mockito.ResetMocksTestExecutionListener@68c5dcd9, org.springframework.boot.test.autoconfigure.restdocs.RestDocsTestExecutionListener@64b089cd, org.springframework.boot.test.autoconfigure.web.client.MockRestServiceServerResetTestExecutionListener@719a3ddf, org.springframework.boot.test.autoconfigure.web.servlet.MockMvcPrintOnlyOnFailureTestExecutionListener@3a702dcc, org.springframework.boot.test.autoconfigure.web.servlet.WebDriverTestExecutionListener@7c950d4f, org.springframework.boot.test.autoconfigure.webservices.client.MockWebServiceServerTestExecutionListener@1c8b1df1]
2022-08-19_22-05-36 [main] INFO  c.a.c.JwtAuthenticationControllerTest - Starting JwtAuthenticationControllerTest using Java 11.0.10 on DESKTOP-UNGVIUO with PID 13308 (started by sindhujaa in C:\Users\sindhujaa\Documents\fse0\FSE0 Back End_PMS\Authorization-Microservice)
2022-08-19_22-05-36 [main] INFO  c.a.c.JwtAuthenticationControllerTest - No active profile set, falling back to default profiles: default
2022-08-19_22-05-36 [main] INFO  o.s.d.r.c.RepositoryConfigurationDelegate - Bootstrapping Spring Data JPA repositories in DEFAULT mode.
2022-08-19_22-05-36 [main] INFO  o.s.d.r.c.RepositoryConfigurationDelegate - Finished Spring Data repository scanning in 42 ms. Found 1 JPA repository interfaces.
2022-08-19_22-05-36 [main] INFO  o.s.cloud.context.scope.GenericScope - BeanFactory id=676d5576-c6b4-3070-9457-fad833ab0c39
2022-08-19_22-05-36 [main] INFO  o.h.jpa.internal.util.LogHelper - HHH000204: Processing PersistenceUnitInfo [name: default]
2022-08-19_22-05-36 [main] INFO  com.zaxxer.hikari.HikariDataSource - HikariPool-5 - Starting...
2022-08-19_22-05-36 [main] INFO  com.zaxxer.hikari.HikariDataSource - HikariPool-5 - Start completed.
2022-08-19_22-05-36 [main] INFO  org.hibernate.dialect.Dialect - HHH000400: Using dialect: org.hibernate.dialect.H2Dialect
2022-08-19_22-05-36 [main] INFO  o.h.e.t.j.p.i.JtaPlatformInitiator - HHH000490: Using JtaPlatform implementation: [org.hibernate.engine.transaction.jta.platform.internal.NoJtaPlatform]
2022-08-19_22-05-36 [main] INFO  o.s.o.j.LocalContainerEntityManagerFactoryBean - Initialized JPA EntityManagerFactory for persistence unit 'default'
2022-08-19_22-05-36 [main] INFO  o.s.b.a.h.H2ConsoleAutoConfiguration - H2 console available at '/h2-console'. Database available at 'jdbc:h2:mem:testdb'
2022-08-19_22-05-36 [main] INFO  o.s.b.a.e.web.EndpointLinksResolver - Exposing 2 endpoint(s) beneath base path '/actuator'
2022-08-19_22-05-36 [main] INFO  s.d.s.w.PropertySourcedRequestMappingHandlerMapping - Mapped URL path [/v2/api-docs] onto method [springfox.documentation.swagger2.web.Swagger2Controller#getDocumentation(String, HttpServletRequest)]
2022-08-19_22-05-36 [main] INFO  o.s.s.web.DefaultSecurityFilterChain - Will secure any request with [org.springframework.security.web.context.request.async.WebAsyncManagerIntegrationFilter@18751d69, org.springframework.security.web.context.SecurityContextPersistenceFilter@7b0be268, org.springframework.security.web.header.HeaderWriterFilter@57f3ad72, org.springframework.security.web.authentication.logout.LogoutFilter@2b3d5c09, com.authorization.config.JwtRequestFilter@6e29ff71, org.springframework.security.web.savedrequest.RequestCacheAwareFilter@48adcadf, org.springframework.security.web.servletapi.SecurityContextHolderAwareRequestFilter@2ff7685, org.springframework.security.web.authentication.AnonymousAuthenticationFilter@31e420b5, org.springframework.security.web.session.SessionManagementFilter@3027ba9b, org.springframework.security.web.access.ExceptionTranslationFilter@238212e4, org.springframework.security.web.access.intercept.FilterSecurityInterceptor@7b094557]
2022-08-19_22-05-36 [main] INFO  o.s.s.c.ThreadPoolTaskExecutor - Initializing ExecutorService 'applicationTaskExecutor'
2022-08-19_22-05-36 [main] INFO  s.d.s.w.p.DocumentationPluginsBootstrapper - Context refreshed
2022-08-19_22-05-36 [main] INFO  s.d.s.w.p.DocumentationPluginsBootstrapper - Found 1 custom documentation plugin(s)
2022-08-19_22-05-36 [main] INFO  s.d.s.w.s.ApiListingReferenceScanner - Scanning for api listing references
2022-08-19_22-05-36 [main] INFO  s.d.s.w.r.o.CachingOperationNameGenerator - Generating unique operation named: handleUsingGET_1
2022-08-19_22-05-36 [main] INFO  s.d.s.w.r.o.CachingOperationNameGenerator - Generating unique operation named: handleUsingGET_2
2022-08-19_22-05-36 [main] INFO  c.a.c.JwtAuthenticationControllerTest - Started JwtAuthenticationControllerTest in 3.718 seconds (JVM running for 58.027)
2022-08-19_22-05-36 [main] INFO  c.a.c.JwtAuthenticationController - token
2022-08-19_22-05-36 [main] INFO  c.a.c.JwtAuthenticationController - WrongToken
2022-08-19_22-05-36 [main] INFO  c.a.c.JwtAuthenticationController - Bearer token
2022-08-19_22-05-36 [main] INFO  c.a.c.JwtAuthenticationController - JWT token -->token
2022-08-19_22-05-36 [main] INFO  o.s.b.t.c.SpringBootTestContextBootstrapper - Neither @ContextConfiguration nor @ContextHierarchy found for test class [com.authorization.exception.AuthorizationExceptionTest], using SpringBootContextLoader
2022-08-19_22-05-36 [main] INFO  o.s.t.c.s.AbstractContextLoader - Could not detect default resource locations for test class [com.authorization.exception.AuthorizationExceptionTest]: no resource found for suffixes {-context.xml, Context.groovy}.
2022-08-19_22-05-36 [main] INFO  o.s.t.c.s.AnnotationConfigContextLoaderUtils - Could not detect default configuration classes for test class [com.authorization.exception.AuthorizationExceptionTest]: AuthorizationExceptionTest does not declare any static, non-private, non-final, nested classes annotated with @Configuration.
2022-08-19_22-05-36 [main] INFO  o.s.b.t.c.SpringBootTestContextBootstrapper - Found @SpringBootConfiguration com.authorization.AuthorizationMicroserviceApplication for test class com.authorization.exception.AuthorizationExceptionTest
2022-08-19_22-05-36 [main] INFO  o.s.b.t.c.SpringBootTestContextBootstrapper - Loaded default TestExecutionListener class names from location [META-INF/spring.factories]: [org.springframework.security.test.context.support.WithSecurityContextTestExecutionListener, org.springframework.security.test.context.support.ReactorContextTestExecutionListener, org.springframework.test.context.web.ServletTestExecutionListener, org.springframework.test.context.support.DirtiesContextBeforeModesTestExecutionListener, org.springframework.test.context.event.ApplicationEventsTestExecutionListener, org.springframework.test.context.support.DependencyInjectionTestExecutionListener, org.springframework.test.context.support.DirtiesContextTestExecutionListener, org.springframework.test.context.transaction.TransactionalTestExecutionListener, org.springframework.test.context.jdbc.SqlScriptsTestExecutionListener, org.springframework.test.context.event.EventPublishingTestExecutionListener, org.springframework.boot.test.mock.mockito.MockitoTestExecutionListener, org.springframework.boot.test.mock.mockito.ResetMocksTestExecutionListener, org.springframework.boot.test.autoconfigure.restdocs.RestDocsTestExecutionListener, org.springframework.boot.test.autoconfigure.web.client.MockRestServiceServerResetTestExecutionListener, org.springframework.boot.test.autoconfigure.web.servlet.MockMvcPrintOnlyOnFailureTestExecutionListener, org.springframework.boot.test.autoconfigure.web.servlet.WebDriverTestExecutionListener, org.springframework.boot.test.autoconfigure.webservices.client.MockWebServiceServerTestExecutionListener]
2022-08-19_22-05-36 [main] INFO  o.s.b.t.c.SpringBootTestContextBootstrapper - Using TestExecutionListeners: [org.springframework.test.context.web.ServletTestExecutionListener@5a8d411f, org.springframework.test.context.support.DirtiesContextBeforeModesTestExecutionListener@57084740, org.springframework.test.context.event.ApplicationEventsTestExecutionListener@5d5181f2, org.springframework.boot.test.mock.mockito.MockitoTestExecutionListener@6d4714bb, org.springframework.boot.test.autoconfigure.SpringBootDependencyInjectionTestExecutionListener@5d7225b5, org.springframework.test.context.support.DirtiesContextTestExecutionListener@48d54b1c, org.springframework.test.context.transaction.TransactionalTestExecutionListener@195a0de5, org.springframework.test.context.jdbc.SqlScriptsTestExecutionListener@4ced30b9, org.springframework.security.test.context.support.WithSecurityContextTestExecutionListener@fefb1c, org.springframework.test.context.event.EventPublishingTestExecutionListener@6291cdb4, org.springframework.security.test.context.support.ReactorContextTestExecutionListener@2bedd126, org.springframework.boot.test.mock.mockito.ResetMocksTestExecutionListener@e20441a, org.springframework.boot.test.autoconfigure.restdocs.RestDocsTestExecutionListener@797168d9, org.springframework.boot.test.autoconfigure.web.client.MockRestServiceServerResetTestExecutionListener@1561e62e, org.springframework.boot.test.autoconfigure.web.servlet.MockMvcPrintOnlyOnFailureTestExecutionListener@50406145, org.springframework.boot.test.autoconfigure.web.servlet.WebDriverTestExecutionListener@5cccffc3, org.springframework.boot.test.autoconfigure.webservices.client.MockWebServiceServerTestExecutionListener@2e897323]
2022-08-19_22-05-36 [main] INFO  o.s.b.t.c.SpringBootTestContextBootstrapper - Neither @ContextConfiguration nor @ContextHierarchy found for test class [com.authorization.exception.ExceptionDetailsTest], using SpringBootContextLoader
2022-08-19_22-05-36 [main] INFO  o.s.t.c.s.AbstractContextLoader - Could not detect default resource locations for test class [com.authorization.exception.ExceptionDetailsTest]: no resource found for suffixes {-context.xml, Context.groovy}.
2022-08-19_22-05-36 [main] INFO  o.s.t.c.s.AnnotationConfigContextLoaderUtils - Could not detect default configuration classes for test class [com.authorization.exception.ExceptionDetailsTest]: ExceptionDetailsTest does not declare any static, non-private, non-final, nested classes annotated with @Configuration.
2022-08-19_22-05-36 [main] INFO  o.s.b.t.c.SpringBootTestContextBootstrapper - Found @SpringBootConfiguration com.authorization.AuthorizationMicroserviceApplication for test class com.authorization.exception.ExceptionDetailsTest
2022-08-19_22-05-36 [main] INFO  o.s.b.t.c.SpringBootTestContextBootstrapper - Loaded default TestExecutionListener class names from location [META-INF/spring.factories]: [org.springframework.security.test.context.support.WithSecurityContextTestExecutionListener, org.springframework.security.test.context.support.ReactorContextTestExecutionListener, org.springframework.test.context.web.ServletTestExecutionListener, org.springframework.test.context.support.DirtiesContextBeforeModesTestExecutionListener, org.springframework.test.context.event.ApplicationEventsTestExecutionListener, org.springframework.test.context.support.DependencyInjectionTestExecutionListener, org.springframework.test.context.support.DirtiesContextTestExecutionListener, org.springframework.test.context.transaction.TransactionalTestExecutionListener, org.springframework.test.context.jdbc.SqlScriptsTestExecutionListener, org.springframework.test.context.event.EventPublishingTestExecutionListener, org.springframework.boot.test.mock.mockito.MockitoTestExecutionListener, org.springframework.boot.test.mock.mockito.ResetMocksTestExecutionListener, org.springframework.boot.test.autoconfigure.restdocs.RestDocsTestExecutionListener, org.springframework.boot.test.autoconfigure.web.client.MockRestServiceServerResetTestExecutionListener, org.springframework.boot.test.autoconfigure.web.servlet.MockMvcPrintOnlyOnFailureTestExecutionListener, org.springframework.boot.test.autoconfigure.web.servlet.WebDriverTestExecutionListener, org.springframework.boot.test.autoconfigure.webservices.client.MockWebServiceServerTestExecutionListener]
2022-08-19_22-05-36 [main] INFO  o.s.b.t.c.SpringBootTestContextBootstrapper - Using TestExecutionListeners: [org.springframework.test.context.web.ServletTestExecutionListener@d48c11a, org.springframework.test.context.support.DirtiesContextBeforeModesTestExecutionListener@6f6ce71d, org.springframework.test.context.event.ApplicationEventsTestExecutionListener@6c444399, org.springframework.boot.test.mock.mockito.MockitoTestExecutionListener@28a16598, org.springframework.boot.test.autoconfigure.SpringBootDependencyInjectionTestExecutionListener@63aa2187, org.springframework.test.context.support.DirtiesContextTestExecutionListener@6bf666e0, org.springframework.test.context.transaction.TransactionalTestExecutionListener@25e0a88c, org.springframework.test.context.jdbc.SqlScriptsTestExecutionListener@6ce940d, org.springframework.security.test.context.support.WithSecurityContextTestExecutionListener@34da2b4a, org.springframework.test.context.event.EventPublishingTestExecutionListener@6c439a57, org.springframework.security.test.context.support.ReactorContextTestExecutionListener@4c47eb9b, org.springframework.boot.test.mock.mockito.ResetMocksTestExecutionListener@3e5b70e2, org.springframework.boot.test.autoconfigure.restdocs.RestDocsTestExecutionListener@5bbe8c18, org.springframework.boot.test.autoconfigure.web.client.MockRestServiceServerResetTestExecutionListener@2bdf341a, org.springframework.boot.test.autoconfigure.web.servlet.MockMvcPrintOnlyOnFailureTestExecutionListener@58b709c9, org.springframework.boot.test.autoconfigure.web.servlet.WebDriverTestExecutionListener@3d8eae5d, org.springframework.boot.test.autoconfigure.webservices.client.MockWebServiceServerTestExecutionListener@12ff3bb8]
2022-08-19_22-05-36 [main] INFO  o.s.b.t.c.SpringBootTestContextBootstrapper - Neither @ContextConfiguration nor @ContextHierarchy found for test class [com.authorization.exception.GlobalExceptionHandlerTest], using SpringBootContextLoader
2022-08-19_22-05-36 [main] INFO  o.s.t.c.s.AbstractContextLoader - Could not detect default resource locations for test class [com.authorization.exception.GlobalExceptionHandlerTest]: no resource found for suffixes {-context.xml, Context.groovy}.
2022-08-19_22-05-36 [main] INFO  o.s.t.c.s.AnnotationConfigContextLoaderUtils - Could not detect default configuration classes for test class [com.authorization.exception.GlobalExceptionHandlerTest]: GlobalExceptionHandlerTest does not declare any static, non-private, non-final, nested classes annotated with @Configuration.
2022-08-19_22-05-36 [main] INFO  o.s.b.t.c.SpringBootTestContextBootstrapper - Found @SpringBootConfiguration com.authorization.AuthorizationMicroserviceApplication for test class com.authorization.exception.GlobalExceptionHandlerTest
2022-08-19_22-05-36 [main] INFO  o.s.b.t.c.SpringBootTestContextBootstrapper - Loaded default TestExecutionListener class names from location [META-INF/spring.factories]: [org.springframework.security.test.context.support.WithSecurityContextTestExecutionListener, org.springframework.security.test.context.support.ReactorContextTestExecutionListener, org.springframework.test.context.web.ServletTestExecutionListener, org.springframework.test.context.support.DirtiesContextBeforeModesTestExecutionListener, org.springframework.test.context.event.ApplicationEventsTestExecutionListener, org.springframework.test.context.support.DependencyInjectionTestExecutionListener, org.springframework.test.context.support.DirtiesContextTestExecutionListener, org.springframework.test.context.transaction.TransactionalTestExecutionListener, org.springframework.test.context.jdbc.SqlScriptsTestExecutionListener, org.springframework.test.context.event.EventPublishingTestExecutionListener, org.springframework.boot.test.mock.mockito.MockitoTestExecutionListener, org.springframework.boot.test.mock.mockito.ResetMocksTestExecutionListener, org.springframework.boot.test.autoconfigure.restdocs.RestDocsTestExecutionListener, org.springframework.boot.test.autoconfigure.web.client.MockRestServiceServerResetTestExecutionListener, org.springframework.boot.test.autoconfigure.web.servlet.MockMvcPrintOnlyOnFailureTestExecutionListener, org.springframework.boot.test.autoconfigure.web.servlet.WebDriverTestExecutionListener, org.springframework.boot.test.autoconfigure.webservices.client.MockWebServiceServerTestExecutionListener]
2022-08-19_22-05-36 [main] INFO  o.s.b.t.c.SpringBootTestContextBootstrapper - Using TestExecutionListeners: [org.springframework.test.context.web.ServletTestExecutionListener@68ffbc99, org.springframework.test.context.support.DirtiesContextBeforeModesTestExecutionListener@3b678c5, org.springframework.test.context.event.ApplicationEventsTestExecutionListener@56a150d0, org.springframework.boot.test.mock.mockito.MockitoTestExecutionListener@2e86dfc5, org.springframework.boot.test.autoconfigure.SpringBootDependencyInjectionTestExecutionListener@3b88b5f8, org.springframework.test.context.support.DirtiesContextTestExecutionListener@bc8921c, org.springframework.test.context.transaction.TransactionalTestExecutionListener@57336465, org.springframework.test.context.jdbc.SqlScriptsTestExecutionListener@4f53f1b1, org.springframework.security.test.context.support.WithSecurityContextTestExecutionListener@310abad6, org.springframework.test.context.event.EventPublishingTestExecutionListener@7e1d8699, org.springframework.security.test.context.support.ReactorContextTestExecutionListener@3241c573, org.springframework.boot.test.mock.mockito.ResetMocksTestExecutionListener@62cf74f3, org.springframework.boot.test.autoconfigure.restdocs.RestDocsTestExecutionListener@6f7be76, org.springframework.boot.test.autoconfigure.web.client.MockRestServiceServerResetTestExecutionListener@14ccd97f, org.springframework.boot.test.autoconfigure.web.servlet.MockMvcPrintOnlyOnFailureTestExecutionListener@281aecc8, org.springframework.boot.test.autoconfigure.web.servlet.WebDriverTestExecutionListener@31eb7dd4, org.springframework.boot.test.autoconfigure.webservices.client.MockWebServiceServerTestExecutionListener@a547191]
2022-08-19_22-05-36 [main] INFO  o.s.b.t.c.SpringBootTestContextBootstrapper - Neither @ContextConfiguration nor @ContextHierarchy found for test class [com.authorization.model.JwtRequestTest], using SpringBootContextLoader
2022-08-19_22-05-36 [main] INFO  o.s.t.c.s.AbstractContextLoader - Could not detect default resource locations for test class [com.authorization.model.JwtRequestTest]: no resource found for suffixes {-context.xml, Context.groovy}.
2022-08-19_22-05-36 [main] INFO  o.s.t.c.s.AnnotationConfigContextLoaderUtils - Could not detect default configuration classes for test class [com.authorization.model.JwtRequestTest]: JwtRequestTest does not declare any static, non-private, non-final, nested classes annotated with @Configuration.
2022-08-19_22-05-36 [main] INFO  o.s.b.t.c.SpringBootTestContextBootstrapper - Found @SpringBootConfiguration com.authorization.AuthorizationMicroserviceApplication for test class com.authorization.model.JwtRequestTest
2022-08-19_22-05-36 [main] INFO  o.s.b.t.c.SpringBootTestContextBootstrapper - Loaded default TestExecutionListener class names from location [META-INF/spring.factories]: [org.springframework.security.test.context.support.WithSecurityContextTestExecutionListener, org.springframework.security.test.context.support.ReactorContextTestExecutionListener, org.springframework.test.context.web.ServletTestExecutionListener, org.springframework.test.context.support.DirtiesContextBeforeModesTestExecutionListener, org.springframework.test.context.event.ApplicationEventsTestExecutionListener, org.springframework.test.context.support.DependencyInjectionTestExecutionListener, org.springframework.test.context.support.DirtiesContextTestExecutionListener, org.springframework.test.context.transaction.TransactionalTestExecutionListener, org.springframework.test.context.jdbc.SqlScriptsTestExecutionListener, org.springframework.test.context.event.EventPublishingTestExecutionListener, org.springframework.boot.test.mock.mockito.MockitoTestExecutionListener, org.springframework.boot.test.mock.mockito.ResetMocksTestExecutionListener, org.springframework.boot.test.autoconfigure.restdocs.RestDocsTestExecutionListener, org.springframework.boot.test.autoconfigure.web.client.MockRestServiceServerResetTestExecutionListener, org.springframework.boot.test.autoconfigure.web.servlet.MockMvcPrintOnlyOnFailureTestExecutionListener, org.springframework.boot.test.autoconfigure.web.servlet.WebDriverTestExecutionListener, org.springframework.boot.test.autoconfigure.webservices.client.MockWebServiceServerTestExecutionListener]
2022-08-19_22-05-36 [main] INFO  o.s.b.t.c.SpringBootTestContextBootstrapper - Using TestExecutionListeners: [org.springframework.test.context.web.ServletTestExecutionListener@238709e6, org.springframework.test.context.support.DirtiesContextBeforeModesTestExecutionListener@15d87a4a, org.springframework.test.context.event.ApplicationEventsTestExecutionListener@5a5115be, org.springframework.boot.test.mock.mockito.MockitoTestExecutionListener@6cfec66d, org.springframework.boot.test.autoconfigure.SpringBootDependencyInjectionTestExecutionListener@77ad3a2d, org.springframework.test.context.support.DirtiesContextTestExecutionListener@21f104b8, org.springframework.test.context.transaction.TransactionalTestExecutionListener@73df09dd, org.springframework.test.context.jdbc.SqlScriptsTestExecutionListener@69886465, org.springframework.security.test.context.support.WithSecurityContextTestExecutionListener@776a572b, org.springframework.test.context.event.EventPublishingTestExecutionListener@5e9749ba, org.springframework.security.test.context.support.ReactorContextTestExecutionListener@558d3254, org.springframework.boot.test.mock.mockito.ResetMocksTestExecutionListener@7f8ccfcc, org.springframework.boot.test.autoconfigure.restdocs.RestDocsTestExecutionListener@5a7a1c19, org.springframework.boot.test.autoconfigure.web.client.MockRestServiceServerResetTestExecutionListener@3e445475, org.springframework.boot.test.autoconfigure.web.servlet.MockMvcPrintOnlyOnFailureTestExecutionListener@2e7ce7b, org.springframework.boot.test.autoconfigure.web.servlet.WebDriverTestExecutionListener@1b0c9344, org.springframework.boot.test.autoconfigure.webservices.client.MockWebServiceServerTestExecutionListener@111cdee8]
2022-08-19_22-05-36 [main] INFO  o.s.b.t.c.SpringBootTestContextBootstrapper - Neither @ContextConfiguration nor @ContextHierarchy found for test class [com.authorization.model.JwtResponseTest], using SpringBootContextLoader
2022-08-19_22-05-36 [main] INFO  o.s.t.c.s.AbstractContextLoader - Could not detect default resource locations for test class [com.authorization.model.JwtResponseTest]: no resource found for suffixes {-context.xml, Context.groovy}.
2022-08-19_22-05-36 [main] INFO  o.s.t.c.s.AnnotationConfigContextLoaderUtils - Could not detect default configuration classes for test class [com.authorization.model.JwtResponseTest]: JwtResponseTest does not declare any static, non-private, non-final, nested classes annotated with @Configuration.
2022-08-19_22-05-36 [main] INFO  o.s.b.t.c.SpringBootTestContextBootstrapper - Found @SpringBootConfiguration com.authorization.AuthorizationMicroserviceApplication for test class com.authorization.model.JwtResponseTest
2022-08-19_22-05-36 [main] INFO  o.s.b.t.c.SpringBootTestContextBootstrapper - Loaded default TestExecutionListener class names from location [META-INF/spring.factories]: [org.springframework.security.test.context.support.WithSecurityContextTestExecutionListener, org.springframework.security.test.context.support.ReactorContextTestExecutionListener, org.springframework.test.context.web.ServletTestExecutionListener, org.springframework.test.context.support.DirtiesContextBeforeModesTestExecutionListener, org.springframework.test.context.event.ApplicationEventsTestExecutionListener, org.springframework.test.context.support.DependencyInjectionTestExecutionListener, org.springframework.test.context.support.DirtiesContextTestExecutionListener, org.springframework.test.context.transaction.TransactionalTestExecutionListener, org.springframework.test.context.jdbc.SqlScriptsTestExecutionListener, org.springframework.test.context.event.EventPublishingTestExecutionListener, org.springframework.boot.test.mock.mockito.MockitoTestExecutionListener, org.springframework.boot.test.mock.mockito.ResetMocksTestExecutionListener, org.springframework.boot.test.autoconfigure.restdocs.RestDocsTestExecutionListener, org.springframework.boot.test.autoconfigure.web.client.MockRestServiceServerResetTestExecutionListener, org.springframework.boot.test.autoconfigure.web.servlet.MockMvcPrintOnlyOnFailureTestExecutionListener, org.springframework.boot.test.autoconfigure.web.servlet.WebDriverTestExecutionListener, org.springframework.boot.test.autoconfigure.webservices.client.MockWebServiceServerTestExecutionListener]
2022-08-19_22-05-36 [main] INFO  o.s.b.t.c.SpringBootTestContextBootstrapper - Using TestExecutionListeners: [org.springframework.test.context.web.ServletTestExecutionListener@3f159c49, org.springframework.test.context.support.DirtiesContextBeforeModesTestExecutionListener@4080bcd9, org.springframework.test.context.event.ApplicationEventsTestExecutionListener@6b45907f, org.springframework.boot.test.mock.mockito.MockitoTestExecutionListener@3611cae8, org.springframework.boot.test.autoconfigure.SpringBootDependencyInjectionTestExecutionListener@2575ffb7, org.springframework.test.context.support.DirtiesContextTestExecutionListener@6056e9b4, org.springframework.test.context.transaction.TransactionalTestExecutionListener@27574ba9, org.springframework.test.context.jdbc.SqlScriptsTestExecutionListener@1f299321, org.springframework.security.test.context.support.WithSecurityContextTestExecutionListener@152b4f34, org.springframework.test.context.event.EventPublishingTestExecutionListener@42e71f6c, org.springframework.security.test.context.support.ReactorContextTestExecutionListener@5ff00e9a, org.springframework.boot.test.mock.mockito.ResetMocksTestExecutionListener@c933ede, org.springframework.boot.test.autoconfigure.restdocs.RestDocsTestExecutionListener@438e8297, org.springframework.boot.test.autoconfigure.web.client.MockRestServiceServerResetTestExecutionListener@3968e9f5, org.springframework.boot.test.autoconfigure.web.servlet.MockMvcPrintOnlyOnFailureTestExecutionListener@66b3a49c, org.springframework.boot.test.autoconfigure.web.servlet.WebDriverTestExecutionListener@7343135a, org.springframework.boot.test.autoconfigure.webservices.client.MockWebServiceServerTestExecutionListener@44eebd9f]
2022-08-19_22-05-36 [main] INFO  o.s.b.t.c.SpringBootTestContextBootstrapper - Neither @ContextConfiguration nor @ContextHierarchy found for test class [com.authorization.model.UserModelTest], using SpringBootContextLoader
2022-08-19_22-05-36 [main] INFO  o.s.t.c.s.AbstractContextLoader - Could not detect default resource locations for test class [com.authorization.model.UserModelTest]: no resource found for suffixes {-context.xml, Context.groovy}.
2022-08-19_22-05-36 [main] INFO  o.s.t.c.s.AnnotationConfigContextLoaderUtils - Could not detect default configuration classes for test class [com.authorization.model.UserModelTest]: UserModelTest does not declare any static, non-private, non-final, nested classes annotated with @Configuration.
2022-08-19_22-05-36 [main] INFO  o.s.b.t.c.SpringBootTestContextBootstrapper - Found @SpringBootConfiguration com.authorization.AuthorizationMicroserviceApplication for test class com.authorization.model.UserModelTest
2022-08-19_22-05-36 [main] INFO  o.s.b.t.c.SpringBootTestContextBootstrapper - Loaded default TestExecutionListener class names from location [META-INF/spring.factories]: [org.springframework.security.test.context.support.WithSecurityContextTestExecutionListener, org.springframework.security.test.context.support.ReactorContextTestExecutionListener, org.springframework.test.context.web.ServletTestExecutionListener, org.springframework.test.context.support.DirtiesContextBeforeModesTestExecutionListener, org.springframework.test.context.event.ApplicationEventsTestExecutionListener, org.springframework.test.context.support.DependencyInjectionTestExecutionListener, org.springframework.test.context.support.DirtiesContextTestExecutionListener, org.springframework.test.context.transaction.TransactionalTestExecutionListener, org.springframework.test.context.jdbc.SqlScriptsTestExecutionListener, org.springframework.test.context.event.EventPublishingTestExecutionListener, org.springframework.boot.test.mock.mockito.MockitoTestExecutionListener, org.springframework.boot.test.mock.mockito.ResetMocksTestExecutionListener, org.springframework.boot.test.autoconfigure.restdocs.RestDocsTestExecutionListener, org.springframework.boot.test.autoconfigure.web.client.MockRestServiceServerResetTestExecutionListener, org.springframework.boot.test.autoconfigure.web.servlet.MockMvcPrintOnlyOnFailureTestExecutionListener, org.springframework.boot.test.autoconfigure.web.servlet.WebDriverTestExecutionListener, org.springframework.boot.test.autoconfigure.webservices.client.MockWebServiceServerTestExecutionListener]
2022-08-19_22-05-36 [main] INFO  o.s.b.t.c.SpringBootTestContextBootstrapper - Using TestExecutionListeners: [org.springframework.test.context.web.ServletTestExecutionListener@41db1728, org.springframework.test.context.support.DirtiesContextBeforeModesTestExecutionListener@2a69158a, org.springframework.test.context.event.ApplicationEventsTestExecutionListener@1b5a471d, org.springframework.boot.test.mock.mockito.MockitoTestExecutionListener@1ff49da3, org.springframework.boot.test.autoconfigure.SpringBootDependencyInjectionTestExecutionListener@68fbb22, org.springframework.test.context.support.DirtiesContextTestExecutionListener@64a82b3c, org.springframework.test.context.transaction.TransactionalTestExecutionListener@2d83ea1b, org.springframework.test.context.jdbc.SqlScriptsTestExecutionListener@16a1738d, org.springframework.security.test.context.support.WithSecurityContextTestExecutionListener@6d0c8cd0, org.springframework.test.context.event.EventPublishingTestExecutionListener@48d8ab86, org.springframework.security.test.context.support.ReactorContextTestExecutionListener@7a3953b4, org.springframework.boot.test.mock.mockito.ResetMocksTestExecutionListener@67196a65, org.springframework.boot.test.autoconfigure.restdocs.RestDocsTestExecutionListener@6efa105a, org.springframework.boot.test.autoconfigure.web.client.MockRestServiceServerResetTestExecutionListener@63730298, org.springframework.boot.test.autoconfigure.web.servlet.MockMvcPrintOnlyOnFailureTestExecutionListener@53e759b1, org.springframework.boot.test.autoconfigure.web.servlet.WebDriverTestExecutionListener@7f815bea, org.springframework.boot.test.autoconfigure.webservices.client.MockWebServiceServerTestExecutionListener@4147ec80]
2022-08-19_22-05-36 [main] INFO  o.s.b.t.a.o.j.DataJpaTestContextBootstrapper - Neither @ContextConfiguration nor @ContextHierarchy found for test class [com.authorization.repository.UserDaoTest], using SpringBootContextLoader
2022-08-19_22-05-36 [main] INFO  o.s.t.c.s.AbstractContextLoader - Could not detect default resource locations for test class [com.authorization.repository.UserDaoTest]: no resource found for suffixes {-context.xml, Context.groovy}.
2022-08-19_22-05-36 [main] INFO  o.s.t.c.s.AnnotationConfigContextLoaderUtils - Could not detect default configuration classes for test class [com.authorization.repository.UserDaoTest]: UserDaoTest does not declare any static, non-private, non-final, nested classes annotated with @Configuration.
2022-08-19_22-05-36 [main] INFO  o.s.b.t.c.SpringBootTestContextBootstrapper - Found @SpringBootConfiguration com.authorization.AuthorizationMicroserviceApplication for test class com.authorization.repository.UserDaoTest
2022-08-19_22-05-36 [main] INFO  o.s.b.t.a.o.j.DataJpaTestContextBootstrapper - Loaded default TestExecutionListener class names from location [META-INF/spring.factories]: [org.springframework.security.test.context.support.WithSecurityContextTestExecutionListener, org.springframework.security.test.context.support.ReactorContextTestExecutionListener, org.springframework.test.context.web.ServletTestExecutionListener, org.springframework.test.context.support.DirtiesContextBeforeModesTestExecutionListener, org.springframework.test.context.event.ApplicationEventsTestExecutionListener, org.springframework.test.context.support.DependencyInjectionTestExecutionListener, org.springframework.test.context.support.DirtiesContextTestExecutionListener, org.springframework.test.context.transaction.TransactionalTestExecutionListener, org.springframework.test.context.jdbc.SqlScriptsTestExecutionListener, org.springframework.test.context.event.EventPublishingTestExecutionListener, org.springframework.boot.test.mock.mockito.MockitoTestExecutionListener, org.springframework.boot.test.mock.mockito.ResetMocksTestExecutionListener, org.springframework.boot.test.autoconfigure.restdocs.RestDocsTestExecutionListener, org.springframework.boot.test.autoconfigure.web.client.MockRestServiceServerResetTestExecutionListener, org.springframework.boot.test.autoconfigure.web.servlet.MockMvcPrintOnlyOnFailureTestExecutionListener, org.springframework.boot.test.autoconfigure.web.servlet.WebDriverTestExecutionListener, org.springframework.boot.test.autoconfigure.webservices.client.MockWebServiceServerTestExecutionListener]
2022-08-19_22-05-36 [main] INFO  o.s.b.t.a.o.j.DataJpaTestContextBootstrapper - Using TestExecutionListeners: [org.springframework.test.context.web.ServletTestExecutionListener@485c7a22, org.springframework.test.context.support.DirtiesContextBeforeModesTestExecutionListener@4a3cc680, org.springframework.test.context.event.ApplicationEventsTestExecutionListener@79703b86, org.springframework.boot.test.mock.mockito.MockitoTestExecutionListener@2f8892c5, org.springframework.boot.test.autoconfigure.SpringBootDependencyInjectionTestExecutionListener@4ae707c, org.springframework.test.context.support.DirtiesContextTestExecutionListener@288aaeaf, org.springframework.test.context.transaction.TransactionalTestExecutionListener@50de1c33, org.springframework.test.context.jdbc.SqlScriptsTestExecutionListener@3babb257, org.springframework.security.test.context.support.WithSecurityContextTestExecutionListener@4c7108ce, org.springframework.test.context.event.EventPublishingTestExecutionListener@31733839, org.springframework.security.test.context.support.ReactorContextTestExecutionListener@11ec85a0, org.springframework.boot.test.mock.mockito.ResetMocksTestExecutionListener@77b3a4c0, org.springframework.boot.test.autoconfigure.restdocs.RestDocsTestExecutionListener@33c0f580, org.springframework.boot.test.autoconfigure.web.client.MockRestServiceServerResetTestExecutionListener@1bdaa131, org.springframework.boot.test.autoconfigure.web.servlet.MockMvcPrintOnlyOnFailureTestExecutionListener@6eeee66f, org.springframework.boot.test.autoconfigure.web.servlet.WebDriverTestExecutionListener@411cad6, org.springframework.boot.test.autoconfigure.webservices.client.MockWebServiceServerTestExecutionListener@30c94321]
2022-08-19_22-05-40 [main] INFO  c.a.repository.UserDaoTest - Starting UserDaoTest using Java 11.0.10 on DESKTOP-UNGVIUO with PID 13308 (started by sindhujaa in C:\Users\sindhujaa\Documents\fse0\FSE0 Back End_PMS\Authorization-Microservice)
2022-08-19_22-05-40 [main] INFO  c.a.repository.UserDaoTest - No active profile set, falling back to default profiles: default
2022-08-19_22-05-40 [main] INFO  o.s.d.r.c.RepositoryConfigurationDelegate - Bootstrapping Spring Data JPA repositories in DEFAULT mode.
2022-08-19_22-05-40 [main] INFO  o.s.d.r.c.RepositoryConfigurationDelegate - Finished Spring Data repository scanning in 27 ms. Found 1 JPA repository interfaces.
2022-08-19_22-05-40 [main] INFO  o.s.b.t.a.j.TestDatabaseAutoConfiguration$EmbeddedDataSourceBeanFactoryPostProcessor - Replacing 'dataSource' DataSource bean with embedded version
2022-08-19_22-05-40 [main] INFO  o.s.j.d.e.EmbeddedDatabaseFactory - Starting embedded database: url='jdbc:h2:mem:de4a5c10-b25a-4cba-b63a-bfb83f1fdca8;DB_CLOSE_DELAY=-1;DB_CLOSE_ON_EXIT=false', username='sa'
2022-08-19_22-05-40 [main] INFO  o.h.jpa.internal.util.LogHelper - HHH000204: Processing PersistenceUnitInfo [name: default]
2022-08-19_22-05-40 [main] INFO  org.hibernate.dialect.Dialect - HHH000400: Using dialect: org.hibernate.dialect.H2Dialect
2022-08-19_22-05-40 [main] INFO  o.h.e.t.j.p.i.JtaPlatformInitiator - HHH000490: Using JtaPlatform implementation: [org.hibernate.engine.transaction.jta.platform.internal.NoJtaPlatform]
2022-08-19_22-05-40 [main] INFO  o.s.o.j.LocalContainerEntityManagerFactoryBean - Initialized JPA EntityManagerFactory for persistence unit 'default'
2022-08-19_22-05-40 [main] INFO  c.a.repository.UserDaoTest - Started UserDaoTest in 1.06 seconds (JVM running for 59.564)
2022-08-19_22-05-40 [main] INFO  o.s.t.c.t.TransactionContext - Began transaction (1) for test context [DefaultTestContext@1ae4e8bd testClass = UserDaoTest, testInstance = com.authorization.repository.UserDaoTest@60789398, testMethod = testUserDaoFindByName@UserDaoTest, testException = [null], mergedContextConfiguration = [MergedContextConfiguration@2c895dff testClass = UserDaoTest, locations = '{}', classes = '{class com.authorization.AuthorizationMicroserviceApplication}', contextInitializerClasses = '[]', activeProfiles = '{}', propertySourceLocations = '{}', propertySourceProperties = '{org.springframework.boot.test.autoconfigure.orm.jpa.DataJpaTestContextBootstrapper=true}', contextCustomizers = set[[ImportsContextCustomizer@37548587 key = [org.springframework.boot.autoconfigure.cache.CacheAutoConfiguration, org.springframework.boot.autoconfigure.data.jpa.JpaRepositoriesAutoConfiguration, org.springframework.boot.autoconfigure.flyway.FlywayAutoConfiguration, org.springframework.boot.autoconfigure.jdbc.DataSourceAutoConfiguration, org.springframework.boot.autoconfigure.jdbc.DataSourceTransactionManagerAutoConfiguration, org.springframework.boot.autoconfigure.jdbc.JdbcTemplateAutoConfiguration, org.springframework.boot.autoconfigure.liquibase.LiquibaseAutoConfiguration, org.springframework.boot.autoconfigure.orm.jpa.HibernateJpaAutoConfiguration, org.springframework.boot.autoconfigure.transaction.TransactionAutoConfiguration, org.springframework.boot.test.autoconfigure.jdbc.TestDatabaseAutoConfiguration, org.springframework.boot.test.autoconfigure.orm.jpa.TestEntityManagerAutoConfiguration]], org.springframework.boot.test.context.filter.ExcludeFilterContextCustomizer@2dd29a59, org.springframework.boot.test.json.DuplicateJsonObjectContextCustomizerFactory$DuplicateJsonObjectContextCustomizer@40dff0b7, org.springframework.boot.test.mock.mockito.MockitoContextCustomizer@9a4102cd, org.springframework.boot.test.autoconfigure.OverrideAutoConfigurationContextCustomizerFactory$DisableAutoConfigurationContextCustomizer@994d48d, org.springframework.boot.test.autoconfigure.actuate.metrics.MetricsExportContextCustomizerFactory$DisableMetricExportContextCustomizer@52d645b1, org.springframework.boot.test.autoconfigure.filter.TypeExcludeFiltersContextCustomizer@351584c0, org.springframework.boot.test.autoconfigure.properties.PropertyMappingContextCustomizer@d9ab15b9, org.springframework.boot.test.autoconfigure.web.servlet.WebDriverContextCustomizerFactory$Customizer@3bd418e4, org.springframework.boot.test.context.SpringBootTestArgs@1, org.springframework.boot.test.context.SpringBootTestWebEnvironment@0], contextLoader = 'org.springframework.boot.test.context.SpringBootContextLoader', parent = [null]], attributes = map['org.springframework.test.context.event.ApplicationEventsTestExecutionListener.recordApplicationEvents' -> false]]; transaction manager [org.springframework.orm.jpa.JpaTransactionManager@32b90410]; rollback [true]
2022-08-19_22-05-40 [main] INFO  o.s.t.c.t.TransactionContext - Rolled back transaction for test: [DefaultTestContext@1ae4e8bd testClass = UserDaoTest, testInstance = com.authorization.repository.UserDaoTest@60789398, testMethod = testUserDaoFindByName@UserDaoTest, testException = [null], mergedContextConfiguration = [MergedContextConfiguration@2c895dff testClass = UserDaoTest, locations = '{}', classes = '{class com.authorization.AuthorizationMicroserviceApplication}', contextInitializerClasses = '[]', activeProfiles = '{}', propertySourceLocations = '{}', propertySourceProperties = '{org.springframework.boot.test.autoconfigure.orm.jpa.DataJpaTestContextBootstrapper=true}', contextCustomizers = set[[ImportsContextCustomizer@37548587 key = [org.springframework.boot.autoconfigure.cache.CacheAutoConfiguration, org.springframework.boot.autoconfigure.data.jpa.JpaRepositoriesAutoConfiguration, org.springframework.boot.autoconfigure.flyway.FlywayAutoConfiguration, org.springframework.boot.autoconfigure.jdbc.DataSourceAutoConfiguration, org.springframework.boot.autoconfigure.jdbc.DataSourceTransactionManagerAutoConfiguration, org.springframework.boot.autoconfigure.jdbc.JdbcTemplateAutoConfiguration, org.springframework.boot.autoconfigure.liquibase.LiquibaseAutoConfiguration, org.springframework.boot.autoconfigure.orm.jpa.HibernateJpaAutoConfiguration, org.springframework.boot.autoconfigure.transaction.TransactionAutoConfiguration, org.springframework.boot.test.autoconfigure.jdbc.TestDatabaseAutoConfiguration, org.springframework.boot.test.autoconfigure.orm.jpa.TestEntityManagerAutoConfiguration]], org.springframework.boot.test.context.filter.ExcludeFilterContextCustomizer@2dd29a59, org.springframework.boot.test.json.DuplicateJsonObjectContextCustomizerFactory$DuplicateJsonObjectContextCustomizer@40dff0b7, org.springframework.boot.test.mock.mockito.MockitoContextCustomizer@9a4102cd, org.springframework.boot.test.autoconfigure.OverrideAutoConfigurationContextCustomizerFactory$DisableAutoConfigurationContextCustomizer@994d48d, org.springframework.boot.test.autoconfigure.actuate.metrics.MetricsExportContextCustomizerFactory$DisableMetricExportContextCustomizer@52d645b1, org.springframework.boot.test.autoconfigure.filter.TypeExcludeFiltersContextCustomizer@351584c0, org.springframework.boot.test.autoconfigure.properties.PropertyMappingContextCustomizer@d9ab15b9, org.springframework.boot.test.autoconfigure.web.servlet.WebDriverContextCustomizerFactory$Customizer@3bd418e4, org.springframework.boot.test.context.SpringBootTestArgs@1, org.springframework.boot.test.context.SpringBootTestWebEnvironment@0], contextLoader = 'org.springframework.boot.test.context.SpringBootContextLoader', parent = [null]], attributes = map['org.springframework.test.context.event.ApplicationEventsTestExecutionListener.recordApplicationEvents' -> false]]
2022-08-19_22-05-40 [main] INFO  o.s.b.t.c.SpringBootTestContextBootstrapper - Neither @ContextConfiguration nor @ContextHierarchy found for test class [com.authorization.service.JwtUserDetailsServiceTest], using SpringBootContextLoader
2022-08-19_22-05-40 [main] INFO  o.s.t.c.s.AbstractContextLoader - Could not detect default resource locations for test class [com.authorization.service.JwtUserDetailsServiceTest]: no resource found for suffixes {-context.xml, Context.groovy}.
2022-08-19_22-05-40 [main] INFO  o.s.t.c.s.AnnotationConfigContextLoaderUtils - Could not detect default configuration classes for test class [com.authorization.service.JwtUserDetailsServiceTest]: JwtUserDetailsServiceTest does not declare any static, non-private, non-final, nested classes annotated with @Configuration.
2022-08-19_22-05-40 [main] INFO  o.s.b.t.c.SpringBootTestContextBootstrapper - Found @SpringBootConfiguration com.authorization.AuthorizationMicroserviceApplication for test class com.authorization.service.JwtUserDetailsServiceTest
2022-08-19_22-05-40 [main] INFO  o.s.b.t.c.SpringBootTestContextBootstrapper - Loaded default TestExecutionListener class names from location [META-INF/spring.factories]: [org.springframework.security.test.context.support.WithSecurityContextTestExecutionListener, org.springframework.security.test.context.support.ReactorContextTestExecutionListener, org.springframework.test.context.web.ServletTestExecutionListener, org.springframework.test.context.support.DirtiesContextBeforeModesTestExecutionListener, org.springframework.test.context.event.ApplicationEventsTestExecutionListener, org.springframework.test.context.support.DependencyInjectionTestExecutionListener, org.springframework.test.context.support.DirtiesContextTestExecutionListener, org.springframework.test.context.transaction.TransactionalTestExecutionListener, org.springframework.test.context.jdbc.SqlScriptsTestExecutionListener, org.springframework.test.context.event.EventPublishingTestExecutionListener, org.springframework.boot.test.mock.mockito.MockitoTestExecutionListener, org.springframework.boot.test.mock.mockito.ResetMocksTestExecutionListener, org.springframework.boot.test.autoconfigure.restdocs.RestDocsTestExecutionListener, org.springframework.boot.test.autoconfigure.web.client.MockRestServiceServerResetTestExecutionListener, org.springframework.boot.test.autoconfigure.web.servlet.MockMvcPrintOnlyOnFailureTestExecutionListener, org.springframework.boot.test.autoconfigure.web.servlet.WebDriverTestExecutionListener, org.springframework.boot.test.autoconfigure.webservices.client.MockWebServiceServerTestExecutionListener]
2022-08-19_22-05-40 [main] INFO  o.s.b.t.c.SpringBootTestContextBootstrapper - Using TestExecutionListeners: [org.springframework.test.context.web.ServletTestExecutionListener@4e639564, org.springframework.test.context.support.DirtiesContextBeforeModesTestExecutionListener@6813ed1e, org.springframework.test.context.event.ApplicationEventsTestExecutionListener@59108fbf, org.springframework.boot.test.mock.mockito.MockitoTestExecutionListener@38ef3545, org.springframework.boot.test.autoconfigure.SpringBootDependencyInjectionTestExecutionListener@6a754f89, org.springframework.test.context.support.DirtiesContextTestExecutionListener@1d7924c4, org.springframework.test.context.transaction.TransactionalTestExecutionListener@40c93da3, org.springframework.test.context.jdbc.SqlScriptsTestExecutionListener@1cd7de2, org.springframework.security.test.context.support.WithSecurityContextTestExecutionListener@41046355, org.springframework.test.context.event.EventPublishingTestExecutionListener@158f30b5, org.springframework.security.test.context.support.ReactorContextTestExecutionListener@1c222382, org.springframework.boot.test.mock.mockito.ResetMocksTestExecutionListener@76ea6f89, org.springframework.boot.test.autoconfigure.restdocs.RestDocsTestExecutionListener@1496a4ca, org.springframework.boot.test.autoconfigure.web.client.MockRestServiceServerResetTestExecutionListener@78702475, org.springframework.boot.test.autoconfigure.web.servlet.MockMvcPrintOnlyOnFailureTestExecutionListener@754326ca, org.springframework.boot.test.autoconfigure.web.servlet.WebDriverTestExecutionListener@507099cc, org.springframework.boot.test.autoconfigure.webservices.client.MockWebServiceServerTestExecutionListener@71e1c7fc]
2022-08-19_22-05-40 [main] INFO  c.a.service.JwtUserDetailsService - User found
2022-08-19_22-05-40 [main] INFO  c.a.service.JwtUserDetailsService - user successfully located
2022-08-19_22-05-40 [SpringContextShutdownHook] INFO  o.s.o.j.LocalContainerEntityManagerFactoryBean - Closing JPA EntityManagerFactory for persistence unit 'default'
2022-08-19_22-05-40 [SpringContextShutdownHook] INFO  o.h.t.s.i.SchemaDropperImpl$DelayedDropActionImpl - HHH000477: Starting delayed evictData of schema as part of SessionFactory shut-down'
2022-08-19_22-05-40 [SpringContextShutdownHook] INFO  o.s.s.c.ThreadPoolTaskExecutor - Shutting down ExecutorService 'applicationTaskExecutor'
2022-08-19_22-05-40 [SpringContextShutdownHook] INFO  o.s.s.c.ThreadPoolTaskExecutor - Shutting down ExecutorService 'applicationTaskExecutor'
2022-08-19_22-05-40 [SpringContextShutdownHook] INFO  o.s.s.c.ThreadPoolTaskExecutor - Shutting down ExecutorService 'applicationTaskExecutor'
2022-08-19_22-05-40 [SpringContextShutdownHook] INFO  o.s.s.c.ThreadPoolTaskExecutor - Shutting down ExecutorService 'applicationTaskExecutor'
2022-08-19_22-05-40 [SpringContextShutdownHook] INFO  o.s.o.j.LocalContainerEntityManagerFactoryBean - Closing JPA EntityManagerFactory for persistence unit 'default'
2022-08-19_22-05-40 [SpringContextShutdownHook] INFO  o.h.t.s.i.SchemaDropperImpl$DelayedDropActionImpl - HHH000477: Starting delayed evictData of schema as part of SessionFactory shut-down'
2022-08-19_22-05-40 [SpringContextShutdownHook] INFO  o.s.o.j.LocalContainerEntityManagerFactoryBean - Closing JPA EntityManagerFactory for persistence unit 'default'
2022-08-19_22-05-40 [SpringContextShutdownHook] INFO  o.s.o.j.LocalContainerEntityManagerFactoryBean - Closing JPA EntityManagerFactory for persistence unit 'default'
2022-08-19_22-05-40 [SpringContextShutdownHook] INFO  o.h.t.s.i.SchemaDropperImpl$DelayedDropActionImpl - HHH000477: Starting delayed evictData of schema as part of SessionFactory shut-down'
2022-08-19_22-05-40 [SpringContextShutdownHook] INFO  o.h.t.s.i.SchemaDropperImpl$DelayedDropActionImpl - HHH000477: Starting delayed evictData of schema as part of SessionFactory shut-down'
2022-08-19_22-05-40 [SpringContextShutdownHook] INFO  o.s.o.j.LocalContainerEntityManagerFactoryBean - Closing JPA EntityManagerFactory for persistence unit 'default'
2022-08-19_22-05-40 [SpringContextShutdownHook] INFO  o.h.t.s.i.SchemaDropperImpl$DelayedDropActionImpl - HHH000477: Starting delayed evictData of schema as part of SessionFactory shut-down'
2022-08-19_22-05-40 [SpringContextShutdownHook] INFO  com.zaxxer.hikari.HikariDataSource - HikariPool-4 - Shutdown initiated...
2022-08-19_22-05-40 [SpringContextShutdownHook] INFO  com.zaxxer.hikari.HikariDataSource - HikariPool-3 - Shutdown initiated...
2022-08-19_22-05-40 [SpringContextShutdownHook] INFO  com.zaxxer.hikari.HikariDataSource - HikariPool-1 - Shutdown initiated...
2022-08-19_22-05-40 [SpringContextShutdownHook] INFO  com.zaxxer.hikari.HikariDataSource - HikariPool-5 - Shutdown initiated...
2022-08-19_22-05-40 [SpringContextShutdownHook] INFO  com.zaxxer.hikari.HikariDataSource - HikariPool-1 - Shutdown completed.
2022-08-19_22-05-40 [SpringContextShutdownHook] INFO  com.zaxxer.hikari.HikariDataSource - HikariPool-4 - Shutdown completed.
2022-08-19_22-05-40 [SpringContextShutdownHook] INFO  com.zaxxer.hikari.HikariDataSource - HikariPool-3 - Shutdown completed.
2022-08-19_22-05-40 [SpringContextShutdownHook] INFO  com.zaxxer.hikari.HikariDataSource - HikariPool-5 - Shutdown completed.
2022-08-19_22-05-40 [SpringContextShutdownHook] INFO  o.s.s.c.ThreadPoolTaskExecutor - Shutting down ExecutorService 'applicationTaskExecutor'
2022-08-19_22-05-40 [SpringContextShutdownHook] INFO  o.s.o.j.LocalContainerEntityManagerFactoryBean - Closing JPA EntityManagerFactory for persistence unit 'default'
2022-08-19_22-05-40 [SpringContextShutdownHook] INFO  o.h.t.s.i.SchemaDropperImpl$DelayedDropActionImpl - HHH000477: Starting delayed evictData of schema as part of SessionFactory shut-down'
2022-08-19_22-05-40 [SpringContextShutdownHook] INFO  com.zaxxer.hikari.HikariDataSource - HikariPool-2 - Shutdown initiated...
2022-08-19_22-05-40 [SpringContextShutdownHook] INFO  com.zaxxer.hikari.HikariDataSource - HikariPool-2 - Shutdown completed.
